{"numTotalTestSuites":24,"numPassedTestSuites":12,"numFailedTestSuites":12,"numPendingTestSuites":0,"numTotalTests":74,"numPassedTests":50,"numFailedTests":24,"numPendingTests":0,"numTodoTests":0,"snapshot":{"added":0,"failure":false,"filesAdded":0,"filesRemoved":0,"filesRemovedList":[],"filesUnmatched":0,"filesUpdated":0,"matched":0,"total":0,"unchecked":0,"uncheckedKeysByFile":[],"unmatched":0,"updated":0,"didUpdate":false},"startTime":1780409346753,"success":false,"testResults":[{"assertionResults":[{"ancestorTitles":["API Service — correct HTTP methods and paths"],"fullName":"API Service — correct HTTP methods and paths authAPI.login calls POST /auth/login with credentials","status":"passed","title":"authAPI.login calls POST /auth/login with credentials","duration":29.543100000002596,"failureMessages":[],"meta":{},"tags":[]},{"ancestorTitles":["API Service — correct HTTP methods and paths"],"fullName":"API Service — correct HTTP methods and paths authAPI.logout calls POST /auth/logout","status":"passed","title":"authAPI.logout calls POST /auth/logout","duration":1.8734999999978754,"failureMessages":[],"meta":{},"tags":[]},{"ancestorTitles":["API Service — correct HTTP methods and paths"],"fullName":"API Service — correct HTTP methods and paths dashboardAPI.getStats calls GET /dashboard/stats","status":"passed","title":"dashboardAPI.getStats calls GET /dashboard/stats","duration":3.9017000000021653,"failureMessages":[],"meta":{},"tags":[]},{"ancestorTitles":["API Service — correct HTTP methods and paths"],"fullName":"API Service — correct HTTP methods and paths firAPI.list calls GET /firs with params","status":"failed","title":"firAPI.list calls GET /firs with params","duration":63.469600000000355,"failureMessages":["AssertionError: expected \"vi.fn()\" to be called with arguments: [ '/firs', …(1) ]\u001b[90m\n\nReceived:\n\n\u001b[1m  1st vi.fn() call:\n\n\u001b[22m\u001b[33m@@ -1,7 +1,7 @@\u001b[90m\n\u001b[2m  [\u001b[22m\n\u001b[32m-   \"/firs\",\u001b[90m\n\u001b[31m+   \"/fir/list\",\u001b[90m\n\u001b[2m    {\u001b[22m\n\u001b[2m      \"params\": {\u001b[22m\n\u001b[2m        \"limit\": 25,\u001b[22m\n\u001b[2m        \"page\": 1,\u001b[22m\n\u001b[2m      },\u001b[22m\n\u001b[39m\u001b[90m\n\nNumber of calls: \u001b[1m1\u001b[22m\n\u001b[39m\n    at Proxy.<anonymous> (file:///C:/PERSONAL%20SPCE/Shield-main/shield-frontend/node_modules/@vitest/expect/dist/index.js:1487:10)\n    at Proxy.<anonymous> (file:///C:/PERSONAL%20SPCE/Shield-main/shield-frontend/node_modules/@vitest/expect/dist/index.js:1156:15)\n    at Proxy.methodWrapper (file:///C:/PERSONAL%20SPCE/Shield-main/shield-frontend/node_modules/chai/index.js:1700:25)\n    at C:/PERSONAL SPCE/Shield-main/shield-frontend/src/tests/services/api.test.js:70:28\n    at processTicksAndRejections (node:internal/process/task_queues:104:5)"],"meta":{},"tags":[]},{"ancestorTitles":["API Service — correct HTTP methods and paths"],"fullName":"API Service — correct HTTP methods and paths firAPI.get calls GET /firs/:id","status":"failed","title":"firAPI.get calls GET /firs/:id","duration":8.263800000000629,"failureMessages":["AssertionError: expected \"vi.fn()\" to be called with arguments: [ '/firs/fir_001' ]\u001b[90m\n\nReceived:\n\n\u001b[1m  1st vi.fn() call:\n\n\u001b[22m\u001b[2m  [\u001b[22m\n\u001b[32m-   \"/firs/fir_001\",\u001b[90m\n\u001b[31m+   \"/fir/fir_001\",\u001b[90m\n\u001b[2m  ]\u001b[22m\n\u001b[39m\u001b[90m\n\nNumber of calls: \u001b[1m1\u001b[22m\n\u001b[39m\n    at Proxy.<anonymous> (file:///C:/PERSONAL%20SPCE/Shield-main/shield-frontend/node_modules/@vitest/expect/dist/index.js:1487:10)\n    at Proxy.<anonymous> (file:///C:/PERSONAL%20SPCE/Shield-main/shield-frontend/node_modules/@vitest/expect/dist/index.js:1156:15)\n    at Proxy.methodWrapper (file:///C:/PERSONAL%20SPCE/Shield-main/shield-frontend/node_modules/chai/index.js:1700:25)\n    at C:/PERSONAL SPCE/Shield-main/shield-frontend/src/tests/services/api.test.js:76:28\n    at processTicksAndRejections (node:internal/process/task_queues:104:5)"],"meta":{},"tags":[]},{"ancestorTitles":["API Service — correct HTTP methods and paths"],"fullName":"API Service — correct HTTP methods and paths firAPI.verify calls POST /firs/:id/verify","status":"failed","title":"firAPI.verify calls POST /firs/:id/verify","duration":5.594199999999546,"failureMessages":["AssertionError: expected \"vi.fn()\" to be called with arguments: [ '/firs/fir_001/verify' ]\u001b[90m\n\nNumber of calls: \u001b[1m0\u001b[22m\n\u001b[39m\n    at Proxy.<anonymous> (file:///C:/PERSONAL%20SPCE/Shield-main/shield-frontend/node_modules/@vitest/expect/dist/index.js:1487:10)\n    at Proxy.<anonymous> (file:///C:/PERSONAL%20SPCE/Shield-main/shield-frontend/node_modules/@vitest/expect/dist/index.js:1156:15)\n    at Proxy.methodWrapper (file:///C:/PERSONAL%20SPCE/Shield-main/shield-frontend/node_modules/chai/index.js:1700:25)\n    at C:/PERSONAL SPCE/Shield-main/shield-frontend/src/tests/services/api.test.js:82:29\n    at processTicksAndRejections (node:internal/process/task_queues:104:5)"],"meta":{},"tags":[]},{"ancestorTitles":["API Service — correct HTTP methods and paths"],"fullName":"API Service — correct HTTP methods and paths firAPI.downloadUrl returns correct URL string","status":"failed","title":"firAPI.downloadUrl returns correct URL string","duration":25.441399999999703,"failureMessages":["AssertionError: expected '/api/evidence/download/fir_001' to be '/api/firs/fir_001/download' // Object.is equality\n    at C:/PERSONAL SPCE/Shield-main/shield-frontend/src/tests/services/api.test.js:86:43\n    at file:///C:/PERSONAL%20SPCE/Shield-main/shield-frontend/node_modules/@vitest/runner/dist/chunk-artifact.js:302:11\n    at file:///C:/PERSONAL%20SPCE/Shield-main/shield-frontend/node_modules/@vitest/runner/dist/chunk-artifact.js:1903:26\n    at file:///C:/PERSONAL%20SPCE/Shield-main/shield-frontend/node_modules/@vitest/runner/dist/chunk-artifact.js:2326:20\n    at new Promise (<anonymous>)\n    at runWithCancel (file:///C:/PERSONAL%20SPCE/Shield-main/shield-frontend/node_modules/@vitest/runner/dist/chunk-artifact.js:2323:10)\n    at file:///C:/PERSONAL%20SPCE/Shield-main/shield-frontend/node_modules/@vitest/runner/dist/chunk-artifact.js:2305:20\n    at new Promise (<anonymous>)\n    at runWithTimeout (file:///C:/PERSONAL%20SPCE/Shield-main/shield-frontend/node_modules/@vitest/runner/dist/chunk-artifact.js:2272:10)\n    at file:///C:/PERSONAL%20SPCE/Shield-main/shield-frontend/node_modules/@vitest/runner/dist/chunk-artifact.js:2955:64"],"meta":{},"tags":[]},{"ancestorTitles":["API Service — correct HTTP methods and paths"],"fullName":"API Service — correct HTTP methods and paths evidenceAPI.list calls GET /evidence with params","status":"passed","title":"evidenceAPI.list calls GET /evidence with params","duration":5.382000000001426,"failureMessages":[],"meta":{},"tags":[]},{"ancestorTitles":["API Service — correct HTTP methods and paths"],"fullName":"API Service — correct HTTP methods and paths evidenceAPI.get calls GET /evidence/:id","status":"passed","title":"evidenceAPI.get calls GET /evidence/:id","duration":3.0269999999982247,"failureMessages":[],"meta":{},"tags":[]},{"ancestorTitles":["API Service — correct HTTP methods and paths"],"fullName":"API Service — correct HTTP methods and paths evidenceAPI.verify calls POST /evidence/:id/verify","status":"failed","title":"evidenceAPI.verify calls POST /evidence/:id/verify","duration":5.313699999998789,"failureMessages":["AssertionError: expected \"vi.fn()\" to be called with arguments: [ '/evidence/ev_101/verify' ]\u001b[90m\n\nNumber of calls: \u001b[1m0\u001b[22m\n\u001b[39m\n    at Proxy.<anonymous> (file:///C:/PERSONAL%20SPCE/Shield-main/shield-frontend/node_modules/@vitest/expect/dist/index.js:1487:10)\n    at Proxy.<anonymous> (file:///C:/PERSONAL%20SPCE/Shield-main/shield-frontend/node_modules/@vitest/expect/dist/index.js:1156:15)\n    at Proxy.methodWrapper (file:///C:/PERSONAL%20SPCE/Shield-main/shield-frontend/node_modules/chai/index.js:1700:25)\n    at C:/PERSONAL SPCE/Shield-main/shield-frontend/src/tests/services/api.test.js:104:29\n    at processTicksAndRejections (node:internal/process/task_queues:104:5)"],"meta":{},"tags":[]},{"ancestorTitles":["API Service — correct HTTP methods and paths"],"fullName":"API Service — correct HTTP methods and paths evidenceAPI.downloadUrl returns correct URL string","status":"failed","title":"evidenceAPI.downloadUrl returns correct URL string","duration":11.525700000001962,"failureMessages":["AssertionError: expected '/api/evidence/download/ev_101' to be '/api/evidence/ev_101/download' // Object.is equality\n    at C:/PERSONAL SPCE/Shield-main/shield-frontend/src/tests/services/api.test.js:108:47\n    at file:///C:/PERSONAL%20SPCE/Shield-main/shield-frontend/node_modules/@vitest/runner/dist/chunk-artifact.js:302:11\n    at file:///C:/PERSONAL%20SPCE/Shield-main/shield-frontend/node_modules/@vitest/runner/dist/chunk-artifact.js:1903:26\n    at file:///C:/PERSONAL%20SPCE/Shield-main/shield-frontend/node_modules/@vitest/runner/dist/chunk-artifact.js:2326:20\n    at new Promise (<anonymous>)\n    at runWithCancel (file:///C:/PERSONAL%20SPCE/Shield-main/shield-frontend/node_modules/@vitest/runner/dist/chunk-artifact.js:2323:10)\n    at file:///C:/PERSONAL%20SPCE/Shield-main/shield-frontend/node_modules/@vitest/runner/dist/chunk-artifact.js:2305:20\n    at new Promise (<anonymous>)\n    at runWithTimeout (file:///C:/PERSONAL%20SPCE/Shield-main/shield-frontend/node_modules/@vitest/runner/dist/chunk-artifact.js:2272:10)\n    at file:///C:/PERSONAL%20SPCE/Shield-main/shield-frontend/node_modules/@vitest/runner/dist/chunk-artifact.js:2955:64"],"meta":{},"tags":[]},{"ancestorTitles":["API Service — correct HTTP methods and paths"],"fullName":"API Service — correct HTTP methods and paths auditAPI.list calls GET /audit with params","status":"passed","title":"auditAPI.list calls GET /audit with params","duration":3.008800000003248,"failureMessages":[],"meta":{},"tags":[]},{"ancestorTitles":["API Service — correct HTTP methods and paths"],"fullName":"API Service — correct HTTP methods and paths adminAPI.listUsers calls GET /admin/users with params","status":"passed","title":"adminAPI.listUsers calls GET /admin/users with params","duration":3.6415999999990163,"failureMessages":[],"meta":{},"tags":[]},{"ancestorTitles":["API Service — correct HTTP methods and paths"],"fullName":"API Service — correct HTTP methods and paths adminAPI.createUser calls POST /admin/users","status":"passed","title":"adminAPI.createUser calls POST /admin/users","duration":3.826199999999517,"failureMessages":[],"meta":{},"tags":[]},{"ancestorTitles":["API Service — correct HTTP methods and paths"],"fullName":"API Service — correct HTTP methods and paths adminAPI.updateUser calls PATCH /admin/users/:id","status":"passed","title":"adminAPI.updateUser calls PATCH /admin/users/:id","duration":3.2802000000010594,"failureMessages":[],"meta":{},"tags":[]}],"startTime":1780409364197,"endTime":1780409364376.2803,"status":"failed","message":"","name":"C:/PERSONAL SPCE/Shield-main/shield-frontend/src/tests/services/api.test.js"},{"assertionResults":[{"ancestorTitles":["DashboardPage"],"fullName":"DashboardPage shows police officer stat cards (FIRs Uploaded, Evidence Files, Verified, Pending)","status":"failed","title":"shows police officer stat cards (FIRs Uploaded, Evidence Files, Verified, Pending)","duration":1242.900099999999,"failureMessages":["Error: Unable to find an element with the text: FIRs Uploaded. This could be because the text is broken up by multiple elements. In this case, you can provide a function for your text matcher to make your matcher more flexible.\n\nIgnored nodes: comments, script, style\n\u001b[36m<body>\u001b[39m\n  \u001b[36m<div>\u001b[39m\n    \u001b[36m<div\u001b[39m\n      \u001b[33mclass\u001b[39m=\u001b[32m\"page-header\"\u001b[39m\n    \u001b[36m>\u001b[39m\n      \u001b[36m<div\u001b[39m\n        \u001b[33mclass\u001b[39m=\u001b[32m\"page-header-left\"\u001b[39m\n      \u001b[36m>\u001b[39m\n        \u001b[36m<h1>\u001b[39m\n          \u001b[0mDashboard\u001b[0m\n        \u001b[36m</h1>\u001b[39m\n        \u001b[36m<p\u001b[39m\n          \u001b[33mclass\u001b[39m=\u001b[32m\"page-subtitle\"\u001b[39m\n        \u001b[36m>\u001b[39m\n          \u001b[0mWelcome back, Rajesh\u001b[0m\n        \u001b[36m</p>\u001b[39m\n      \u001b[36m</div>\u001b[39m\n    \u001b[36m</div>\u001b[39m\n    \u001b[36m<div\u001b[39m\n      \u001b[33mclass\u001b[39m=\u001b[32m\"stat-cards-grid\"\u001b[39m\n    \u001b[36m/>\u001b[39m\n    \u001b[36m<div\u001b[39m\n      \u001b[33mstyle\u001b[39m=\u001b[32m\"display: grid; grid-template-columns: 1fr 280px; gap: 20px; align-items: start;\"\u001b[39m\n    \u001b[36m>\u001b[39m\n      \u001b[36m<div\u001b[39m\n        \u001b[33mclass\u001b[39m=\u001b[32m\"card\"\u001b[39m\n      \u001b[36m>\u001b[39m\n        \u001b[36m<div\u001b[39m\n          \u001b[33mclass\u001b[39m=\u001b[32m\"card-header\"\u001b[39m\n        \u001b[36m>\u001b[39m\n          \u001b[36m<h2>\u001b[39m\n            \u001b[0mRecent Activity\u001b[0m\n          \u001b[36m</h2>\u001b[39m\n        \u001b[36m</div>\u001b[39m\n        \u001b[36m<div\u001b[39m\n          \u001b[33mclass\u001b[39m=\u001b[32m\"card-body\"\u001b[39m\n          \u001b[33mstyle\u001b[39m=\u001b[32m\"padding: 0px 20px;\"\u001b[39m\n        \u001b[36m>\u001b[39m\n          \u001b[36m<p\u001b[39m\n            \u001b[33mstyle\u001b[39m=\u001b[32m\"color: var(--text-muted); font-size: 13px; padding: 20px 0px;\"\u001b[39m\n          \u001b[36m>\u001b[39m\n            \u001b[0mNo recent activity.\u001b[0m\n          \u001b[36m</p>\u001b[39m\n        \u001b[36m</div>\u001b[39m\n      \u001b[36m</div>\u001b[39m\n      \u001b[36m<div\u001b[39m\n        \u001b[33mclass\u001b[39m=\u001b[32m\"card\"\u001b[39m\n      \u001b[36m>\u001b[39m\n        \u001b[36m<div\u001b[39m\n          \u001b[33mclass\u001b[39m=\u001b[32m\"card-header\"\u001b[39m\n        \u001b[36m>\u001b[39m\n          \u001b[36m<h2>\u001b[39m\n            \u001b[0mQuick Actions\u001b[0m\n          \u001b[36m</h2>\u001b[39m\n        \u001b[36m</div>\u001b[39m\n        \u001b[36m<div\u001b[39m\n          \u001b[33mclass\u001b[39m=\u001b[32m\"card-body\"\u001b[39m\n        \u001b[36m>\u001b[39m\n          \u001b[36m<div\u001b[39m\n            \u001b[33mclass\u001b[39m=\u001b[32m\"quick-action-bar\"\u001b[39m\n            \u001b[33mstyle\u001b[39m=\u001b[32m\"flex-direction: column;\"\u001b[39m\n          \u001b[36m/>\u001b[39m\n        \u001b[36m</div>\u001b[39m\n      \u001b[36m</div>\u001b[39m\n    \u001b[36m</div>\u001b[39m\n  \u001b[36m</div>\u001b[39m\n\u001b[36m</body>\u001b[39m\n    at Proxy.waitForWrapper (C:\\PERSONAL SPCE\\Shield-main\\shield-frontend\\node_modules\\@testing-library\\dom\\dist\\wait-for.js:163:27)\n    at C:/PERSONAL SPCE/Shield-main/shield-frontend/src/tests/pages/DashboardPage.test.jsx:24:11\n    at file:///C:/PERSONAL%20SPCE/Shield-main/shield-frontend/node_modules/@vitest/runner/dist/chunk-artifact.js:302:11\n    at file:///C:/PERSONAL%20SPCE/Shield-main/shield-frontend/node_modules/@vitest/runner/dist/chunk-artifact.js:1903:26\n    at file:///C:/PERSONAL%20SPCE/Shield-main/shield-frontend/node_modules/@vitest/runner/dist/chunk-artifact.js:2326:20\n    at new Promise (<anonymous>)\n    at runWithCancel (file:///C:/PERSONAL%20SPCE/Shield-main/shield-frontend/node_modules/@vitest/runner/dist/chunk-artifact.js:2323:10)\n    at file:///C:/PERSONAL%20SPCE/Shield-main/shield-frontend/node_modules/@vitest/runner/dist/chunk-artifact.js:2305:20\n    at new Promise (<anonymous>)\n    at runWithTimeout (file:///C:/PERSONAL%20SPCE/Shield-main/shield-frontend/node_modules/@vitest/runner/dist/chunk-artifact.js:2272:10)"],"meta":{},"tags":[]},{"ancestorTitles":["DashboardPage"],"fullName":"DashboardPage shows judicial stat cards (Total FIRs, Total Evidence, Verified Integrity, Tamper Alerts)","status":"failed","title":"shows judicial stat cards (Total FIRs, Total Evidence, Verified Integrity, Tamper Alerts)","duration":1028.0095000000001,"failureMessages":["Error: Unable to find an element with the text: Total FIRs in System. This could be because the text is broken up by multiple elements. In this case, you can provide a function for your text matcher to make your matcher more flexible.\n\nIgnored nodes: comments, script, style\n\u001b[36m<body>\u001b[39m\n  \u001b[36m<div>\u001b[39m\n    \u001b[36m<div\u001b[39m\n      \u001b[33mclass\u001b[39m=\u001b[32m\"page-header\"\u001b[39m\n    \u001b[36m>\u001b[39m\n      \u001b[36m<div\u001b[39m\n        \u001b[33mclass\u001b[39m=\u001b[32m\"page-header-left\"\u001b[39m\n      \u001b[36m>\u001b[39m\n        \u001b[36m<h1>\u001b[39m\n          \u001b[0mDashboard\u001b[0m\n        \u001b[36m</h1>\u001b[39m\n        \u001b[36m<p\u001b[39m\n          \u001b[33mclass\u001b[39m=\u001b[32m\"page-subtitle\"\u001b[39m\n        \u001b[36m>\u001b[39m\n          \u001b[0mWelcome back, Priya\u001b[0m\n        \u001b[36m</p>\u001b[39m\n      \u001b[36m</div>\u001b[39m\n    \u001b[36m</div>\u001b[39m\n    \u001b[36m<div\u001b[39m\n      \u001b[33mclass\u001b[39m=\u001b[32m\"stat-cards-grid\"\u001b[39m\n    \u001b[36m/>\u001b[39m\n    \u001b[36m<div\u001b[39m\n      \u001b[33mstyle\u001b[39m=\u001b[32m\"display: grid; grid-template-columns: 1fr 280px; gap: 20px; align-items: start;\"\u001b[39m\n    \u001b[36m>\u001b[39m\n      \u001b[36m<div\u001b[39m\n        \u001b[33mclass\u001b[39m=\u001b[32m\"card\"\u001b[39m\n      \u001b[36m>\u001b[39m\n        \u001b[36m<div\u001b[39m\n          \u001b[33mclass\u001b[39m=\u001b[32m\"card-header\"\u001b[39m\n        \u001b[36m>\u001b[39m\n          \u001b[36m<h2>\u001b[39m\n            \u001b[0mRecent Activity\u001b[0m\n          \u001b[36m</h2>\u001b[39m\n        \u001b[36m</div>\u001b[39m\n        \u001b[36m<div\u001b[39m\n          \u001b[33mclass\u001b[39m=\u001b[32m\"card-body\"\u001b[39m\n          \u001b[33mstyle\u001b[39m=\u001b[32m\"padding: 0px 20px;\"\u001b[39m\n        \u001b[36m>\u001b[39m\n          \u001b[36m<p\u001b[39m\n            \u001b[33mstyle\u001b[39m=\u001b[32m\"color: var(--text-muted); font-size: 13px; padding: 20px 0px;\"\u001b[39m\n          \u001b[36m>\u001b[39m\n            \u001b[0mNo recent activity.\u001b[0m\n          \u001b[36m</p>\u001b[39m\n        \u001b[36m</div>\u001b[39m\n      \u001b[36m</div>\u001b[39m\n      \u001b[36m<div\u001b[39m\n        \u001b[33mclass\u001b[39m=\u001b[32m\"card\"\u001b[39m\n      \u001b[36m>\u001b[39m\n        \u001b[36m<div\u001b[39m\n          \u001b[33mclass\u001b[39m=\u001b[32m\"card-header\"\u001b[39m\n        \u001b[36m>\u001b[39m\n          \u001b[36m<h2>\u001b[39m\n            \u001b[0mQuick Actions\u001b[0m\n          \u001b[36m</h2>\u001b[39m\n        \u001b[36m</div>\u001b[39m\n        \u001b[36m<div\u001b[39m\n          \u001b[33mclass\u001b[39m=\u001b[32m\"card-body\"\u001b[39m\n        \u001b[36m>\u001b[39m\n          \u001b[36m<div\u001b[39m\n            \u001b[33mclass\u001b[39m=\u001b[32m\"quick-action-bar\"\u001b[39m\n            \u001b[33mstyle\u001b[39m=\u001b[32m\"flex-direction: column;\"\u001b[39m\n          \u001b[36m/>\u001b[39m\n        \u001b[36m</div>\u001b[39m\n      \u001b[36m</div>\u001b[39m\n    \u001b[36m</div>\u001b[39m\n  \u001b[36m</div>\u001b[39m\n\u001b[36m</body>\u001b[39m\n    at Proxy.waitForWrapper (C:\\PERSONAL SPCE\\Shield-main\\shield-frontend\\node_modules\\@testing-library\\dom\\dist\\wait-for.js:163:27)\n    at C:/PERSONAL SPCE/Shield-main/shield-frontend/src/tests/pages/DashboardPage.test.jsx:35:11\n    at file:///C:/PERSONAL%20SPCE/Shield-main/shield-frontend/node_modules/@vitest/runner/dist/chunk-artifact.js:302:11\n    at file:///C:/PERSONAL%20SPCE/Shield-main/shield-frontend/node_modules/@vitest/runner/dist/chunk-artifact.js:1903:26\n    at file:///C:/PERSONAL%20SPCE/Shield-main/shield-frontend/node_modules/@vitest/runner/dist/chunk-artifact.js:2326:20\n    at new Promise (<anonymous>)\n    at runWithCancel (file:///C:/PERSONAL%20SPCE/Shield-main/shield-frontend/node_modules/@vitest/runner/dist/chunk-artifact.js:2323:10)\n    at file:///C:/PERSONAL%20SPCE/Shield-main/shield-frontend/node_modules/@vitest/runner/dist/chunk-artifact.js:2305:20\n    at new Promise (<anonymous>)\n    at runWithTimeout (file:///C:/PERSONAL%20SPCE/Shield-main/shield-frontend/node_modules/@vitest/runner/dist/chunk-artifact.js:2272:10)"],"meta":{},"tags":[]},{"ancestorTitles":["DashboardPage"],"fullName":"DashboardPage shows admin stat cards (Total Users, Active Users, Deactivated Users, Logins)","status":"failed","title":"shows admin stat cards (Total Users, Active Users, Deactivated Users, Logins)","duration":1014.6051000000007,"failureMessages":["Error: Unable to find an element with the text: Total Users. This could be because the text is broken up by multiple elements. In this case, you can provide a function for your text matcher to make your matcher more flexible.\n\nIgnored nodes: comments, script, style\n\u001b[36m<body>\u001b[39m\n  \u001b[36m<div>\u001b[39m\n    \u001b[36m<div\u001b[39m\n      \u001b[33mclass\u001b[39m=\u001b[32m\"page-header\"\u001b[39m\n    \u001b[36m>\u001b[39m\n      \u001b[36m<div\u001b[39m\n        \u001b[33mclass\u001b[39m=\u001b[32m\"page-header-left\"\u001b[39m\n      \u001b[36m>\u001b[39m\n        \u001b[36m<h1>\u001b[39m\n          \u001b[0mDashboard\u001b[0m\n        \u001b[36m</h1>\u001b[39m\n        \u001b[36m<p\u001b[39m\n          \u001b[33mclass\u001b[39m=\u001b[32m\"page-subtitle\"\u001b[39m\n        \u001b[36m>\u001b[39m\n          \u001b[0mWelcome back, Admin\u001b[0m\n        \u001b[36m</p>\u001b[39m\n      \u001b[36m</div>\u001b[39m\n    \u001b[36m</div>\u001b[39m\n    \u001b[36m<div\u001b[39m\n      \u001b[33mclass\u001b[39m=\u001b[32m\"stat-cards-grid\"\u001b[39m\n    \u001b[36m/>\u001b[39m\n    \u001b[36m<div\u001b[39m\n      \u001b[33mstyle\u001b[39m=\u001b[32m\"display: grid; grid-template-columns: 1fr 280px; gap: 20px; align-items: start;\"\u001b[39m\n    \u001b[36m>\u001b[39m\n      \u001b[36m<div\u001b[39m\n        \u001b[33mclass\u001b[39m=\u001b[32m\"card\"\u001b[39m\n      \u001b[36m>\u001b[39m\n        \u001b[36m<div\u001b[39m\n          \u001b[33mclass\u001b[39m=\u001b[32m\"card-header\"\u001b[39m\n        \u001b[36m>\u001b[39m\n          \u001b[36m<h2>\u001b[39m\n            \u001b[0mRecent Activity\u001b[0m\n          \u001b[36m</h2>\u001b[39m\n        \u001b[36m</div>\u001b[39m\n        \u001b[36m<div\u001b[39m\n          \u001b[33mclass\u001b[39m=\u001b[32m\"card-body\"\u001b[39m\n          \u001b[33mstyle\u001b[39m=\u001b[32m\"padding: 0px 20px;\"\u001b[39m\n        \u001b[36m>\u001b[39m\n          \u001b[36m<p\u001b[39m\n            \u001b[33mstyle\u001b[39m=\u001b[32m\"color: var(--text-muted); font-size: 13px; padding: 20px 0px;\"\u001b[39m\n          \u001b[36m>\u001b[39m\n            \u001b[0mNo recent activity.\u001b[0m\n          \u001b[36m</p>\u001b[39m\n        \u001b[36m</div>\u001b[39m\n      \u001b[36m</div>\u001b[39m\n      \u001b[36m<div\u001b[39m\n        \u001b[33mclass\u001b[39m=\u001b[32m\"card\"\u001b[39m\n      \u001b[36m>\u001b[39m\n        \u001b[36m<div\u001b[39m\n          \u001b[33mclass\u001b[39m=\u001b[32m\"card-header\"\u001b[39m\n        \u001b[36m>\u001b[39m\n          \u001b[36m<h2>\u001b[39m\n            \u001b[0mQuick Actions\u001b[0m\n          \u001b[36m</h2>\u001b[39m\n        \u001b[36m</div>\u001b[39m\n        \u001b[36m<div\u001b[39m\n          \u001b[33mclass\u001b[39m=\u001b[32m\"card-body\"\u001b[39m\n        \u001b[36m>\u001b[39m\n          \u001b[36m<div\u001b[39m\n            \u001b[33mclass\u001b[39m=\u001b[32m\"quick-action-bar\"\u001b[39m\n            \u001b[33mstyle\u001b[39m=\u001b[32m\"flex-direction: column;\"\u001b[39m\n          \u001b[36m/>\u001b[39m\n        \u001b[36m</div>\u001b[39m\n      \u001b[36m</div>\u001b[39m\n    \u001b[36m</div>\u001b[39m\n  \u001b[36m</div>\u001b[39m\n\u001b[36m</body>\u001b[39m\n    at Proxy.waitForWrapper (C:\\PERSONAL SPCE\\Shield-main\\shield-frontend\\node_modules\\@testing-library\\dom\\dist\\wait-for.js:163:27)\n    at C:/PERSONAL SPCE/Shield-main/shield-frontend/src/tests/pages/DashboardPage.test.jsx:46:11\n    at file:///C:/PERSONAL%20SPCE/Shield-main/shield-frontend/node_modules/@vitest/runner/dist/chunk-artifact.js:302:11\n    at file:///C:/PERSONAL%20SPCE/Shield-main/shield-frontend/node_modules/@vitest/runner/dist/chunk-artifact.js:1903:26\n    at file:///C:/PERSONAL%20SPCE/Shield-main/shield-frontend/node_modules/@vitest/runner/dist/chunk-artifact.js:2326:20\n    at new Promise (<anonymous>)\n    at runWithCancel (file:///C:/PERSONAL%20SPCE/Shield-main/shield-frontend/node_modules/@vitest/runner/dist/chunk-artifact.js:2323:10)\n    at file:///C:/PERSONAL%20SPCE/Shield-main/shield-frontend/node_modules/@vitest/runner/dist/chunk-artifact.js:2305:20\n    at new Promise (<anonymous>)\n    at runWithTimeout (file:///C:/PERSONAL%20SPCE/Shield-main/shield-frontend/node_modules/@vitest/runner/dist/chunk-artifact.js:2272:10)"],"meta":{},"tags":[]},{"ancestorTitles":["DashboardPage"],"fullName":"DashboardPage shows Upload quick action for police officer","status":"failed","title":"shows Upload quick action for police officer","duration":1009.7882000000027,"failureMessages":["Error: Unable to find an element with the text: /Upload FIR \\/ Evidence/. This could be because the text is broken up by multiple elements. In this case, you can provide a function for your text matcher to make your matcher more flexible.\n\nIgnored nodes: comments, script, style\n\u001b[36m<body>\u001b[39m\n  \u001b[36m<div>\u001b[39m\n    \u001b[36m<div\u001b[39m\n      \u001b[33mclass\u001b[39m=\u001b[32m\"page-header\"\u001b[39m\n    \u001b[36m>\u001b[39m\n      \u001b[36m<div\u001b[39m\n        \u001b[33mclass\u001b[39m=\u001b[32m\"page-header-left\"\u001b[39m\n      \u001b[36m>\u001b[39m\n        \u001b[36m<h1>\u001b[39m\n          \u001b[0mDashboard\u001b[0m\n        \u001b[36m</h1>\u001b[39m\n        \u001b[36m<p\u001b[39m\n          \u001b[33mclass\u001b[39m=\u001b[32m\"page-subtitle\"\u001b[39m\n        \u001b[36m>\u001b[39m\n          \u001b[0mWelcome back, Rajesh\u001b[0m\n        \u001b[36m</p>\u001b[39m\n      \u001b[36m</div>\u001b[39m\n    \u001b[36m</div>\u001b[39m\n    \u001b[36m<div\u001b[39m\n      \u001b[33mclass\u001b[39m=\u001b[32m\"stat-cards-grid\"\u001b[39m\n    \u001b[36m/>\u001b[39m\n    \u001b[36m<div\u001b[39m\n      \u001b[33mstyle\u001b[39m=\u001b[32m\"display: grid; grid-template-columns: 1fr 280px; gap: 20px; align-items: start;\"\u001b[39m\n    \u001b[36m>\u001b[39m\n      \u001b[36m<div\u001b[39m\n        \u001b[33mclass\u001b[39m=\u001b[32m\"card\"\u001b[39m\n      \u001b[36m>\u001b[39m\n        \u001b[36m<div\u001b[39m\n          \u001b[33mclass\u001b[39m=\u001b[32m\"card-header\"\u001b[39m\n        \u001b[36m>\u001b[39m\n          \u001b[36m<h2>\u001b[39m\n            \u001b[0mRecent Activity\u001b[0m\n          \u001b[36m</h2>\u001b[39m\n        \u001b[36m</div>\u001b[39m\n        \u001b[36m<div\u001b[39m\n          \u001b[33mclass\u001b[39m=\u001b[32m\"card-body\"\u001b[39m\n          \u001b[33mstyle\u001b[39m=\u001b[32m\"padding: 0px 20px;\"\u001b[39m\n        \u001b[36m>\u001b[39m\n          \u001b[36m<p\u001b[39m\n            \u001b[33mstyle\u001b[39m=\u001b[32m\"color: var(--text-muted); font-size: 13px; padding: 20px 0px;\"\u001b[39m\n          \u001b[36m>\u001b[39m\n            \u001b[0mNo recent activity.\u001b[0m\n          \u001b[36m</p>\u001b[39m\n        \u001b[36m</div>\u001b[39m\n      \u001b[36m</div>\u001b[39m\n      \u001b[36m<div\u001b[39m\n        \u001b[33mclass\u001b[39m=\u001b[32m\"card\"\u001b[39m\n      \u001b[36m>\u001b[39m\n        \u001b[36m<div\u001b[39m\n          \u001b[33mclass\u001b[39m=\u001b[32m\"card-header\"\u001b[39m\n        \u001b[36m>\u001b[39m\n          \u001b[36m<h2>\u001b[39m\n            \u001b[0mQuick Actions\u001b[0m\n          \u001b[36m</h2>\u001b[39m\n        \u001b[36m</div>\u001b[39m\n        \u001b[36m<div\u001b[39m\n          \u001b[33mclass\u001b[39m=\u001b[32m\"card-body\"\u001b[39m\n        \u001b[36m>\u001b[39m\n          \u001b[36m<div\u001b[39m\n            \u001b[33mclass\u001b[39m=\u001b[32m\"quick-action-bar\"\u001b[39m\n            \u001b[33mstyle\u001b[39m=\u001b[32m\"flex-direction: column;\"\u001b[39m\n          \u001b[36m/>\u001b[39m\n        \u001b[36m</div>\u001b[39m\n      \u001b[36m</div>\u001b[39m\n    \u001b[36m</div>\u001b[39m\n  \u001b[36m</div>\u001b[39m\n\u001b[36m</body>\u001b[39m\n    at Proxy.waitForWrapper (C:\\PERSONAL SPCE\\Shield-main\\shield-frontend\\node_modules\\@testing-library\\dom\\dist\\wait-for.js:163:27)\n    at C:/PERSONAL SPCE/Shield-main/shield-frontend/src/tests/pages/DashboardPage.test.jsx:57:11\n    at file:///C:/PERSONAL%20SPCE/Shield-main/shield-frontend/node_modules/@vitest/runner/dist/chunk-artifact.js:302:11\n    at file:///C:/PERSONAL%20SPCE/Shield-main/shield-frontend/node_modules/@vitest/runner/dist/chunk-artifact.js:1903:26\n    at file:///C:/PERSONAL%20SPCE/Shield-main/shield-frontend/node_modules/@vitest/runner/dist/chunk-artifact.js:2326:20\n    at new Promise (<anonymous>)\n    at runWithCancel (file:///C:/PERSONAL%20SPCE/Shield-main/shield-frontend/node_modules/@vitest/runner/dist/chunk-artifact.js:2323:10)\n    at file:///C:/PERSONAL%20SPCE/Shield-main/shield-frontend/node_modules/@vitest/runner/dist/chunk-artifact.js:2305:20\n    at new Promise (<anonymous>)\n    at runWithTimeout (file:///C:/PERSONAL%20SPCE/Shield-main/shield-frontend/node_modules/@vitest/runner/dist/chunk-artifact.js:2272:10)"],"meta":{},"tags":[]},{"ancestorTitles":["DashboardPage"],"fullName":"DashboardPage shows Manage Users quick action for admin","status":"failed","title":"shows Manage Users quick action for admin","duration":1015.0164000000004,"failureMessages":["Error: Unable to find an element with the text: Manage Users. This could be because the text is broken up by multiple elements. In this case, you can provide a function for your text matcher to make your matcher more flexible.\n\nIgnored nodes: comments, script, style\n\u001b[36m<body>\u001b[39m\n  \u001b[36m<div>\u001b[39m\n    \u001b[36m<div\u001b[39m\n      \u001b[33mclass\u001b[39m=\u001b[32m\"page-header\"\u001b[39m\n    \u001b[36m>\u001b[39m\n      \u001b[36m<div\u001b[39m\n        \u001b[33mclass\u001b[39m=\u001b[32m\"page-header-left\"\u001b[39m\n      \u001b[36m>\u001b[39m\n        \u001b[36m<h1>\u001b[39m\n          \u001b[0mDashboard\u001b[0m\n        \u001b[36m</h1>\u001b[39m\n        \u001b[36m<p\u001b[39m\n          \u001b[33mclass\u001b[39m=\u001b[32m\"page-subtitle\"\u001b[39m\n        \u001b[36m>\u001b[39m\n          \u001b[0mWelcome back, Admin\u001b[0m\n        \u001b[36m</p>\u001b[39m\n      \u001b[36m</div>\u001b[39m\n    \u001b[36m</div>\u001b[39m\n    \u001b[36m<div\u001b[39m\n      \u001b[33mclass\u001b[39m=\u001b[32m\"stat-cards-grid\"\u001b[39m\n    \u001b[36m/>\u001b[39m\n    \u001b[36m<div\u001b[39m\n      \u001b[33mstyle\u001b[39m=\u001b[32m\"display: grid; grid-template-columns: 1fr 280px; gap: 20px; align-items: start;\"\u001b[39m\n    \u001b[36m>\u001b[39m\n      \u001b[36m<div\u001b[39m\n        \u001b[33mclass\u001b[39m=\u001b[32m\"card\"\u001b[39m\n      \u001b[36m>\u001b[39m\n        \u001b[36m<div\u001b[39m\n          \u001b[33mclass\u001b[39m=\u001b[32m\"card-header\"\u001b[39m\n        \u001b[36m>\u001b[39m\n          \u001b[36m<h2>\u001b[39m\n            \u001b[0mRecent Activity\u001b[0m\n          \u001b[36m</h2>\u001b[39m\n        \u001b[36m</div>\u001b[39m\n        \u001b[36m<div\u001b[39m\n          \u001b[33mclass\u001b[39m=\u001b[32m\"card-body\"\u001b[39m\n          \u001b[33mstyle\u001b[39m=\u001b[32m\"padding: 0px 20px;\"\u001b[39m\n        \u001b[36m>\u001b[39m\n          \u001b[36m<p\u001b[39m\n            \u001b[33mstyle\u001b[39m=\u001b[32m\"color: var(--text-muted); font-size: 13px; padding: 20px 0px;\"\u001b[39m\n          \u001b[36m>\u001b[39m\n            \u001b[0mNo recent activity.\u001b[0m\n          \u001b[36m</p>\u001b[39m\n        \u001b[36m</div>\u001b[39m\n      \u001b[36m</div>\u001b[39m\n      \u001b[36m<div\u001b[39m\n        \u001b[33mclass\u001b[39m=\u001b[32m\"card\"\u001b[39m\n      \u001b[36m>\u001b[39m\n        \u001b[36m<div\u001b[39m\n          \u001b[33mclass\u001b[39m=\u001b[32m\"card-header\"\u001b[39m\n        \u001b[36m>\u001b[39m\n          \u001b[36m<h2>\u001b[39m\n            \u001b[0mQuick Actions\u001b[0m\n          \u001b[36m</h2>\u001b[39m\n        \u001b[36m</div>\u001b[39m\n        \u001b[36m<div\u001b[39m\n          \u001b[33mclass\u001b[39m=\u001b[32m\"card-body\"\u001b[39m\n        \u001b[36m>\u001b[39m\n          \u001b[36m<div\u001b[39m\n            \u001b[33mclass\u001b[39m=\u001b[32m\"quick-action-bar\"\u001b[39m\n            \u001b[33mstyle\u001b[39m=\u001b[32m\"flex-direction: column;\"\u001b[39m\n          \u001b[36m/>\u001b[39m\n        \u001b[36m</div>\u001b[39m\n      \u001b[36m</div>\u001b[39m\n    \u001b[36m</div>\u001b[39m\n  \u001b[36m</div>\u001b[39m\n\u001b[36m</body>\u001b[39m\n    at Proxy.waitForWrapper (C:\\PERSONAL SPCE\\Shield-main\\shield-frontend\\node_modules\\@testing-library\\dom\\dist\\wait-for.js:163:27)\n    at C:/PERSONAL SPCE/Shield-main/shield-frontend/src/tests/pages/DashboardPage.test.jsx:65:11\n    at file:///C:/PERSONAL%20SPCE/Shield-main/shield-frontend/node_modules/@vitest/runner/dist/chunk-artifact.js:302:11\n    at file:///C:/PERSONAL%20SPCE/Shield-main/shield-frontend/node_modules/@vitest/runner/dist/chunk-artifact.js:1903:26\n    at file:///C:/PERSONAL%20SPCE/Shield-main/shield-frontend/node_modules/@vitest/runner/dist/chunk-artifact.js:2326:20\n    at new Promise (<anonymous>)\n    at runWithCancel (file:///C:/PERSONAL%20SPCE/Shield-main/shield-frontend/node_modules/@vitest/runner/dist/chunk-artifact.js:2323:10)\n    at file:///C:/PERSONAL%20SPCE/Shield-main/shield-frontend/node_modules/@vitest/runner/dist/chunk-artifact.js:2305:20\n    at new Promise (<anonymous>)\n    at runWithTimeout (file:///C:/PERSONAL%20SPCE/Shield-main/shield-frontend/node_modules/@vitest/runner/dist/chunk-artifact.js:2272:10)"],"meta":{},"tags":[]}],"startTime":1780409367226,"endTime":1780409372537.0164,"status":"failed","message":"","name":"C:/PERSONAL SPCE/Shield-main/shield-frontend/src/tests/pages/DashboardPage.test.jsx"},{"assertionResults":[{"ancestorTitles":["LoginPage"],"fullName":"LoginPage renders all form fields","status":"passed","title":"renders all form fields","duration":821.1440000000002,"failureMessages":[],"meta":{},"tags":[]},{"ancestorTitles":["LoginPage"],"fullName":"LoginPage renders role dropdown with all three roles","status":"passed","title":"renders role dropdown with all three roles","duration":29.706500000000233,"failureMessages":[],"meta":{},"tags":[]},{"ancestorTitles":["LoginPage"],"fullName":"LoginPage shows error when submitting with empty fields","status":"passed","title":"shows error when submitting with empty fields","duration":99.07860000000073,"failureMessages":[],"meta":{},"tags":[]},{"ancestorTitles":["LoginPage"],"fullName":"LoginPage calls login with form values on valid submission","status":"failed","title":"calls login with form values on valid submission","duration":1104.5504,"failureMessages":["AssertionError: expected \"vi.fn()\" to be called with arguments: [ { …(3) } ]\u001b[90m\n\nReceived:\n\n\u001b[1m  1st vi.fn() call:\n\n\u001b[22m\u001b[2m  [\u001b[22m\n\u001b[2m    {\u001b[22m\n\u001b[2m      \"email\": \"officer@police.gov.in\",\u001b[22m\n\u001b[2m      \"password\": \"password123\",\u001b[22m\n\u001b[32m-     \"role\": \"police_officer\",\u001b[90m\n\u001b[31m+     \"role\": \"Police Officer\",\u001b[90m\n\u001b[2m    },\u001b[22m\n\u001b[2m  ]\u001b[22m\n\u001b[39m\u001b[90m\n\nNumber of calls: \u001b[1m1\u001b[22m\n\u001b[39m\n\nIgnored nodes: comments, script, style\n\u001b[36m<html>\u001b[39m\n  \u001b[36m<head />\u001b[39m\n  \u001b[36m<body>\u001b[39m\n    \u001b[36m<div>\u001b[39m\n      \u001b[36m<div\u001b[39m\n        \u001b[33mclass\u001b[39m=\u001b[32m\"login-page\"\u001b[39m\n      \u001b[36m>\u001b[39m\n        \u001b[36m<div\u001b[39m\n          \u001b[33mclass\u001b[39m=\u001b[32m\"login-card\"\u001b[39m\n        \u001b[36m>\u001b[39m\n          \u001b[36m<div\u001b[39m\n            \u001b[33mclass\u001b[39m=\u001b[32m\"login-logo\"\u001b[39m\n          \u001b[36m>\u001b[39m\n            \u001b[36m<svg\u001b[39m\n              \u001b[33mclass\u001b[39m=\u001b[32m\"lucide lucide-shield login-logo-icon\"\u001b[39m\n              \u001b[33mfill\u001b[39m=\u001b[32m\"none\"\u001b[39m\n              \u001b[33mheight\u001b[39m=\u001b[32m\"28\"\u001b[39m\n              \u001b[33mstroke\u001b[39m=\u001b[32m\"var(--navy-900)\"\u001b[39m\n              \u001b[33mstroke-linecap\u001b[39m=\u001b[32m\"round\"\u001b[39m\n              \u001b[33mstroke-linejoin\u001b[39m=\u001b[32m\"round\"\u001b[39m\n              \u001b[33mstroke-width\u001b[39m=\u001b[32m\"2\"\u001b[39m\n              \u001b[33mviewBox\u001b[39m=\u001b[32m\"0 0 24 24\"\u001b[39m\n              \u001b[33mwidth\u001b[39m=\u001b[32m\"28\"\u001b[39m\n              \u001b[33mxmlns\u001b[39m=\u001b[32m\"http://www.w3.org/2000/svg\"\u001b[39m\n            \u001b[36m>\u001b[39m\n              \u001b[36m<path\u001b[39m\n                \u001b[33md\u001b[39m=\u001b[32m\"M20 13c0 5-3.5 7.5-7.66 8.95a1 1 0 0 1-.67-.01C7.5 20.5 4 18 4 13V6a1 1 0 0 1 1-1c2 0 4.5-1.2 6.24-2.72a1.17 1.17 0 0 1 1.52 0C14.51 3.81 17 5 19 5a1 1 0 0 1 1 1z\"\u001b[39m\n              \u001b[36m/>\u001b[39m\n            \u001b[36m</svg>\u001b[39m\n            \u001b[36m<span\u001b[39m\n              \u001b[33mclass\u001b[39m=\u001b[32m\"login-logo-text\"\u001b[39m\n            \u001b[36m>\u001b[39m\n              \u001b[0mSHIELD\u001b[0m\n            \u001b[36m</span>\u001b[39m\n          \u001b[36m</div>\u001b[39m\n          \u001b[36m<p\u001b[39m\n            \u001b[33mclass\u001b[39m=\u001b[32m\"login-subtitle\"\u001b[39m\n          \u001b[36m>\u001b[39m\n            \u001b[0mSecure Evidence Portal · Authorised Access Only\u001b[0m\n          \u001b[36m</p>\u001b[39m\n          \u001b[36m<form\u001b[39m\n            \u001b[33mclass\u001b[39m=\u001b[32m\"login-form\"\u001b[39m\n            \u001b[33mnovalidate\u001b[39m=\u001b[32m\"\"\u001b[39m\n          \u001b[36m>\u001b[39m\n            \u001b[36m<div\u001b[39m\n              \u001b[33mclass\u001b[39m=\u001b[32m\"form-group\"\u001b[39m\n            \u001b[36m>\u001b[39m\n              \u001b[36m<label\u001b[39m\n                \u001b[33mclass\u001b[39m=\u001b[32m\"form-label\"\u001b[39m\n                \u001b[33mfor\u001b[39m=\u001b[32m\"email\"\u001b[39m\n              \u001b[36m>\u001b[39m\n                \u001b[0mOfficial Email\u001b[0m\n              \u001b[36m</label>\u001b[39m\n              \u001b[36m<input\u001b[39m\n                \u001b[33mautocomplete\u001b[39m=\u001b[32m\"username\"\u001b[39m\n                \u001b[33mclass\u001b[39m=\u001b[32m\"form-input \"\u001b[39m\n                \u001b[33mid\u001b[39m=\u001b[32m\"email\"\u001b[39m\n                \u001b[33mname\u001b[39m=\u001b[32m\"email\"\u001b[39m\n                \u001b[33mplaceholder\u001b[39m=\u001b[32m\"officer@police.gov.in\"\u001b[39m\n                \u001b[33mrequired\u001b[39m=\u001b[32m\"\"\u001b[39m\n                \u001b[33mtype\u001b[39m=\u001b[32m\"email\"\u001b[39m\n                \u001b[33mvalue\u001b[39m=\u001b[32m\"officer@police.gov.in\"\u001b[39m\n              \u001b[36m/>\u001b[39m\n            \u001b[36m</div>\u001b[39m\n            \u001b[36m<div\u001b[39m\n              \u001b[33mclass\u001b[39m=\u001b[32m\"form-group\"\u001b[39m\n            \u001b[36m>\u001b[39m\n              \u001b[36m<label\u001b[39m\n                \u001b[33mclass\u001b[39m=\u001b[32m\"form-label\"\u001b[39m\n                \u001b[33mfor\u001b[39m=\u001b[32m\"password\"\u001b[39m\n              \u001b[36m>\u001b[39m\n                \u001b[0mPassword\u001b[0m\n              \u001b[36m</label>\u001b[39m\n              \u001b[36m<div\u001b[39m\n                \u001b[33mclass\u001b[39m=\u001b[32m\"form-input-wrapper\"\u001b[39m\n              \u001b[36m>\u001b[39m\n                \u001b[36m<input\u001b[39m\n                  \u001b[33mautocomplete\u001b[39m=\u001b[32m\"current-password\"\u001b[39m\n                  \u001b[33mclass\u001b[39m=\u001b[32m\"form-input \"\u001b[39m\n                  \u001b[33mid\u001b[39m=\u001b[32m\"password\"\u001b[39m\n                  \u001b[33mname\u001b[39m=\u001b[32m\"password\"\u001b[39m\n                  \u001b[33mplaceholder\u001b[39m=\u001b[32m\"••••••••\"\u001b[39m\n                  \u001b[33mrequired\u001b[39m=\u001b[32m\"\"\u001b[39m\n                  \u001b[33mstyle\u001b[39m=\u001b[32m\"padding-right: 36px;\"\u001b[39m\n                  \u001b[33mtype\u001b[39m=\u001b[32m\"password\"\u001b[39m\n                  \u001b[33mvalue\u001b[39m=\u001b[32m\"password123\"\u001b[39m\n                \u001b[36m/>\u001b[39m\n                \u001b[36m<button\u001b[39m\n                  \u001b[33maria-label\u001b[39m=\u001b[32m\"Show password\"\u001b[39m\n                  \u001b[33mclass\u001b[39m=\u001b[32m\"form-input-icon\"\u001b[39m\n                  \u001b[33mtype\u001b[39m=\u001b[32m\"button\"\u001b[39m\n                \u001b[36m>\u001b[39m\n                  \u001b[36m<svg\u001b[39m\n                    \u001b[33mclass\u001b[39m=\u001b[32m\"lucide lucide-eye\"\u001b[39m\n                    \u001b[33mfill\u001b[39m=\u001b[32m\"none\"\u001b[39m\n                    \u001b[33mheight\u001b[39m=\u001b[32m\"16\"\u001b[39m\n                    \u001b[33mstroke\u001b[39m=\u001b[32m\"currentColor\"\u001b[39m\n                    \u001b[33mstroke-linecap\u001b[39m=\u001b[32m\"round\"\u001b[39m\n                    \u001b[33mstroke-linejoin\u001b[39m=\u001b[32m\"round\"\u001b[39m\n                    \u001b[33mstroke-width\u001b[39m=\u001b[32m\"2\"\u001b[39m\n                    \u001b[33mviewBox\u001b[39m=\u001b[32m\"0 0 24 24\"\u001b[39m\n                    \u001b[33mwidth\u001b[39m=\u001b[32m\"16\"\u001b[39m\n                    \u001b[33mxmlns\u001b[39m=\u001b[32m\"http://www.w3.org/2000/svg\"\u001b[39m\n                  \u001b[36m>\u001b[39m\n                    \u001b[36m<path\u001b[39m\n                      \u001b[33md\u001b[39m=\u001b[32m\"M2.062 12.348a1 1 0 0 1 0-.696 10.75 10.75 0 0 1 19.876 0 1 1 0 0 1 0 .696 10.75 10.75 0 0 1-19.876 0\"\u001b[39m\n                    \u001b[36m/>\u001b[39m\n                    \u001b[36m<circle\u001b[39m\n                      \u001b[33mcx\u001b[39m=\u001b[32m\"12\"\u001b[39m\n                      \u001b[33mcy\u001b[39m=\u001b[32m\"12\"\u001b[39m\n                      \u001b[33mr\u001b[39m=\u001b[32m\"3\"\u001b[39m\n                    \u001b[36m/>\u001b[39m\n                  \u001b[36m</svg>\u001b[39m\n                \u001b[36m</button>\u001b[39m\n              \u001b[36m</div>\u001b[39m\n            \u001b[36m</div>\u001b[39m\n            \u001b[36m<div\u001b[39m\n              \u001b[33mclass\u001b[39m=\u001b[32m\"form-group\"\u001b[39m\n            \u001b[36m>\u001b[39m\n              \u001b[36m<label\u001b[39m\n                \u001b[33mclass\u001b[39m=\u001b[32m\"form-label\"\u001b[39m\n                \u001b[33mfor\u001b[39m=\u001b[32m\"role\"\u001b[39m\n              \u001b[36m>\u001b[39m\n                \u001b[0mRole\u001b[0m\n              \u001b[36m</label>\u001b[39m\n              \u001b[36m<select\u001b[39m\n                \u001b[33mclass\u001b[39m=\u001b[32m\"form-select\"\u001b[39m\n                \u001b[33mid\u001b[39m=\u001b[32m\"role\"\u001b[39m\n                \u001b[33mname\u001b[39m=\u001b[32m\"role\"\u001b[39m\n              \u001b[36m>\u001b[39m\n                \u001b[36m<option\u001b[39m\n                  \u001b[33mvalue\u001b[39m=\u001b[32m\"Police Officer\"\u001b[39m\n                \u001b[36m>\u001b[39m\n                  \u001b[0mPolice Officer\u001b[0m\n                \u001b[36m</option>\u001b[39m\n                \u001b[36m<option\u001b[39m\n                  \u001b[33mvalue\u001b[39m=\u001b[32m\"Judicial Authority\"\u001b[39m\n                \u001b[36m>\u001b[39m\n                  \u001b[0mJudicial Authority\u001b[0m\n                \u001b[36m</option>\u001b[39m\n                \u001b[36m<option\u001b[39m\n                  \u001b[33mvalue\u001b[39m=\u001b[32m\"Admin\"\u001b[39m\n                \u001b[36m>\u001b[39m\n                  \u001b[0mAdministrator\u001b[0m\n                \u001b[36m</option>\u001b[39m\n              \u001b[36m</select>\u001b[39m\n            \u001b[36m</div>\u001b[39m\n            \u001b[36m<div\u001b[39m\n              \u001b[33mclass\u001b[39m=\u001b[32m\"login-forgot\"\u001b[39m\n            \u001b[36m>\u001b[39m\n              \u001b[36m<button\u001b[39m\n                \u001b[33mstyle\u001b[39m=\u001b[32m\"background: none; border: medium; cursor: pointer; color: var(--text-muted); font-size: 12px;\"\u001b[39m\n                \u001b[33mtype\u001b[39m=\u001b[32m\"button\"\u001b[39m\n              \u001b[36m>\u001b[39m\n                \u001b[0mForgot password?\u001b[0m\n              \u001b[36m</button>\u001b[39m\n            \u001b[36m</div>\u001b[39m\n            \u001b[36m<button\u001b[39m\n              \u001b[33mclass\u001b[39m=\u001b[32m\"btn btn-primary btn-full btn-lg\"\u001b[39m\n              \u001b[33mtype\u001b[39m=\u001b[32m\"submit\"\u001b[39m\n            \u001b[36m>\u001b[39m\n              \u001b[0mSign In\u001b[0m\n            \u001b[36m</button>\u001b[39m\n          \u001b[36m</form>\u001b[39m\n          \u001b[36m<p\u001b[39m\n            \u001b[33mclass\u001b[39m=\u001b[32m\"login-footer-note\"\u001b[39m\n          \u001b[36m>\u001b[39m\n            \u001b[0mAccess is restricted to authorised personnel only.\u001b[0m\n            \u001b[36m<br />\u001b[39m\n            \u001b[0mAccounts are provisioned by a system administrator.\u001b[0m\n          \u001b[36m</p>\u001b[39m\n        \u001b[36m</div>\u001b[39m\n      \u001b[36m</div>\u001b[39m\n    \u001b[36m</div>\u001b[39m\n  \u001b[36m</body>\u001b[39m\n\u001b[36m</html>\u001b[39m\n    at Proxy.<anonymous> (file:///C:/PERSONAL%20SPCE/Shield-main/shield-frontend/node_modules/@vitest/expect/dist/index.js:1487:10)\n    at Proxy.<anonymous> (file:///C:/PERSONAL%20SPCE/Shield-main/shield-frontend/node_modules/@vitest/expect/dist/index.js:1156:15)\n    at Proxy.methodWrapper (file:///C:/PERSONAL%20SPCE/Shield-main/shield-frontend/node_modules/chai/index.js:1700:25)\n    at C:/PERSONAL SPCE/Shield-main/shield-frontend/src/tests/pages/LoginPage.test.jsx:62:25\n    at runWithExpensiveErrorDiagnosticsDisabled (C:\\PERSONAL SPCE\\Shield-main\\shield-frontend\\node_modules\\@testing-library\\dom\\dist\\config.js:47:12)\n    at checkCallback (C:\\PERSONAL SPCE\\Shield-main\\shield-frontend\\node_modules\\@testing-library\\dom\\dist\\wait-for.js:124:77)\n    at Timeout.checkRealTimersCallback (C:\\PERSONAL SPCE\\Shield-main\\shield-frontend\\node_modules\\@testing-library\\dom\\dist\\wait-for.js:118:16)\n    at listOnTimeout (node:internal/timers:605:17)\n    at processTimers (node:internal/timers:541:7)"],"meta":{},"tags":[]},{"ancestorTitles":["LoginPage"],"fullName":"LoginPage shows server error message on login failure","status":"passed","title":"shows server error message on login failure","duration":62.55879999999888,"failureMessages":[],"meta":{},"tags":[]},{"ancestorTitles":["LoginPage"],"fullName":"LoginPage toggles password visibility","status":"passed","title":"toggles password visibility","duration":18.17710000000079,"failureMessages":[],"meta":{},"tags":[]}],"startTime":1780409367114,"endTime":1780409369249.177,"status":"failed","message":"","name":"C:/PERSONAL SPCE/Shield-main/shield-frontend/src/tests/pages/LoginPage.test.jsx"},{"assertionResults":[{"ancestorTitles":["UploadPage"],"fullName":"UploadPage renders both tabs","status":"passed","title":"renders both tabs","duration":267.6828999999998,"failureMessages":[],"meta":{},"tags":[]},{"ancestorTitles":["UploadPage"],"fullName":"UploadPage shows FIR tab content by default","status":"passed","title":"shows FIR tab content by default","duration":74.0617999999995,"failureMessages":[],"meta":{},"tags":[]},{"ancestorTitles":["UploadPage"],"fullName":"UploadPage switches to Evidence tab on click","status":"passed","title":"switches to Evidence tab on click","duration":91.10319999999774,"failureMessages":[],"meta":{},"tags":[]},{"ancestorTitles":["UploadPage"],"fullName":"UploadPage shows validation error when submitting FIR tab without FIR number","status":"passed","title":"shows validation error when submitting FIR tab without FIR number","duration":48.85829999999987,"failureMessages":[],"meta":{},"tags":[]},{"ancestorTitles":["UploadPage"],"fullName":"UploadPage shows validation error when submitting without a file","status":"passed","title":"shows validation error when submitting without a file","duration":82.810300000001,"failureMessages":[],"meta":{},"tags":[]}],"startTime":1780409367534,"endTime":1780409368098.8103,"status":"passed","message":"","name":"C:/PERSONAL SPCE/Shield-main/shield-frontend/src/tests/pages/UploadPage.test.jsx"},{"assertionResults":[{"ancestorTitles":["HashDisplay"],"fullName":"HashDisplay renders the full hash by default","status":"passed","title":"renders the full hash by default","duration":452.96399999999994,"failureMessages":[],"meta":{},"tags":[]},{"ancestorTitles":["HashDisplay"],"fullName":"HashDisplay truncates the hash when truncate=true","status":"passed","title":"truncates the hash when truncate=true","duration":82.13639999999941,"failureMessages":[],"meta":{},"tags":[]},{"ancestorTitles":["HashDisplay"],"fullName":"HashDisplay renders custom label","status":"passed","title":"renders custom label","duration":58.13159999999698,"failureMessages":[],"meta":{},"tags":[]},{"ancestorTitles":["HashDisplay"],"fullName":"HashDisplay renders nothing when hash is null","status":"passed","title":"renders nothing when hash is null","duration":12.48359999999957,"failureMessages":[],"meta":{},"tags":[]},{"ancestorTitles":["HashDisplay"],"fullName":"HashDisplay calls clipboard.writeText on copy button click","status":"passed","title":"calls clipboard.writeText on copy button click","duration":75.01640000000043,"failureMessages":[],"meta":{},"tags":[]}],"startTime":1780409366483,"endTime":1780409367167.0164,"status":"passed","message":"","name":"C:/PERSONAL SPCE/Shield-main/shield-frontend/src/tests/components/HashDisplay.test.jsx"},{"assertionResults":[{"ancestorTitles":["NavBar"],"fullName":"NavBar returns null when not authenticated","status":"passed","title":"returns null when not authenticated","duration":63.045500000000175,"failureMessages":[],"meta":{},"tags":[]},{"ancestorTitles":["NavBar"],"fullName":"NavBar shows Dashboard link for all roles","status":"failed","title":"shows Dashboard link for all roles","duration":298.66539999999804,"failureMessages":["TestingLibraryElementError: Unable to find an element with the text: Dashboard. This could be because the text is broken up by multiple elements. In this case, you can provide a function for your text matcher to make your matcher more flexible.\n\nIgnored nodes: comments, script, style\n\u001b[36m<body>\u001b[39m\n  \u001b[36m<div>\u001b[39m\n    \u001b[36m<nav\u001b[39m\n      \u001b[33mclass\u001b[39m=\u001b[32m\"navbar\"\u001b[39m\n      \u001b[33mdata-testid\u001b[39m=\u001b[32m\"navbar\"\u001b[39m\n    \u001b[36m>\u001b[39m\n      \u001b[36m<a\u001b[39m\n        \u001b[33maria-current\u001b[39m=\u001b[32m\"page\"\u001b[39m\n        \u001b[33mclass\u001b[39m=\u001b[32m\"navbar-brand active\"\u001b[39m\n        \u001b[33mhref\u001b[39m=\u001b[32m\"/\"\u001b[39m\n      \u001b[36m>\u001b[39m\n        \u001b[36m<svg\u001b[39m\n          \u001b[33mclass\u001b[39m=\u001b[32m\"lucide lucide-shield brand-icon\"\u001b[39m\n          \u001b[33mfill\u001b[39m=\u001b[32m\"none\"\u001b[39m\n          \u001b[33mheight\u001b[39m=\u001b[32m\"18\"\u001b[39m\n          \u001b[33mstroke\u001b[39m=\u001b[32m\"currentColor\"\u001b[39m\n          \u001b[33mstroke-linecap\u001b[39m=\u001b[32m\"round\"\u001b[39m\n          \u001b[33mstroke-linejoin\u001b[39m=\u001b[32m\"round\"\u001b[39m\n          \u001b[33mstroke-width\u001b[39m=\u001b[32m\"2\"\u001b[39m\n          \u001b[33mviewBox\u001b[39m=\u001b[32m\"0 0 24 24\"\u001b[39m\n          \u001b[33mwidth\u001b[39m=\u001b[32m\"18\"\u001b[39m\n          \u001b[33mxmlns\u001b[39m=\u001b[32m\"http://www.w3.org/2000/svg\"\u001b[39m\n        \u001b[36m>\u001b[39m\n          \u001b[36m<path\u001b[39m\n            \u001b[33md\u001b[39m=\u001b[32m\"M20 13c0 5-3.5 7.5-7.66 8.95a1 1 0 0 1-.67-.01C7.5 20.5 4 18 4 13V6a1 1 0 0 1 1-1c2 0 4.5-1.2 6.24-2.72a1.17 1.17 0 0 1 1.52 0C14.51 3.81 17 5 19 5a1 1 0 0 1 1 1z\"\u001b[39m\n          \u001b[36m/>\u001b[39m\n        \u001b[36m</svg>\u001b[39m\n        \u001b[0mSHIELD\u001b[0m\n      \u001b[36m</a>\u001b[39m\n      \u001b[36m<div\u001b[39m\n        \u001b[33mclass\u001b[39m=\u001b[32m\"navbar-divider\"\u001b[39m\n      \u001b[36m/>\u001b[39m\n      \u001b[36m<div\u001b[39m\n        \u001b[33mclass\u001b[39m=\u001b[32m\"navbar-nav\"\u001b[39m\n      \u001b[36m/>\u001b[39m\n      \u001b[36m<div\u001b[39m\n        \u001b[33mclass\u001b[39m=\u001b[32m\"navbar-right\"\u001b[39m\n      \u001b[36m>\u001b[39m\n        \u001b[36m<button\u001b[39m\n          \u001b[33maria-label\u001b[39m=\u001b[32m\"Switch to dark mode\"\u001b[39m\n          \u001b[33mclass\u001b[39m=\u001b[32m\"theme-toggle\"\u001b[39m\n          \u001b[33mtitle\u001b[39m=\u001b[32m\"Dark mode\"\u001b[39m\n        \u001b[36m>\u001b[39m\n          \u001b[36m<svg\u001b[39m\n            \u001b[33mclass\u001b[39m=\u001b[32m\"lucide lucide-moon\"\u001b[39m\n            \u001b[33mfill\u001b[39m=\u001b[32m\"none\"\u001b[39m\n            \u001b[33mheight\u001b[39m=\u001b[32m\"16\"\u001b[39m\n            \u001b[33mstroke\u001b[39m=\u001b[32m\"currentColor\"\u001b[39m\n            \u001b[33mstroke-linecap\u001b[39m=\u001b[32m\"round\"\u001b[39m\n            \u001b[33mstroke-linejoin\u001b[39m=\u001b[32m\"round\"\u001b[39m\n            \u001b[33mstroke-width\u001b[39m=\u001b[32m\"2\"\u001b[39m\n            \u001b[33mviewBox\u001b[39m=\u001b[32m\"0 0 24 24\"\u001b[39m\n            \u001b[33mwidth\u001b[39m=\u001b[32m\"16\"\u001b[39m\n            \u001b[33mxmlns\u001b[39m=\u001b[32m\"http://www.w3.org/2000/svg\"\u001b[39m\n          \u001b[36m>\u001b[39m\n            \u001b[36m<path\u001b[39m\n              \u001b[33md\u001b[39m=\u001b[32m\"M12 3a6 6 0 0 0 9 9 9 9 0 1 1-9-9Z\"\u001b[39m\n            \u001b[36m/>\u001b[39m\n          \u001b[36m</svg>\u001b[39m\n        \u001b[36m</button>\u001b[39m\n        \u001b[36m<div\u001b[39m\n          \u001b[33mclass\u001b[39m=\u001b[32m\"navbar-user-wrapper\"\u001b[39m\n        \u001b[36m>\u001b[39m\n          \u001b[36m<button\u001b[39m\n            \u001b[33maria-expanded\u001b[39m=\u001b[32m\"false\"\u001b[39m\n            \u001b[33maria-haspopup\u001b[39m=\u001b[32m\"menu\"\u001b[39m\n            \u001b[33mclass\u001b[39m=\u001b[32m\"user-menu-btn\"\u001b[39m\n          \u001b[36m>\u001b[39m\n            \u001b[36m<svg\u001b[39m\n              \u001b[33mclass\u001b[39m=\u001b[32m\"lucide lucide-user\"\u001b[39m\n              \u001b[33mfill\u001b[39m=\u001b[32m\"none\"\u001b[39m\n              \u001b[33mheight\u001b[39m=\u001b[32m\"14\"\u001b[39m\n              \u001b[33mstroke\u001b[39m=\u001b[32m\"currentColor\"\u001b[39m\n              \u001b[33mstroke-linecap\u001b[39m=\u001b[32m\"round\"\u001b[39m\n              \u001b[33mstroke-linejoin\u001b[39m=\u001b[32m\"round\"\u001b[39m\n              \u001b[33mstroke-width\u001b[39m=\u001b[32m\"2\"\u001b[39m\n              \u001b[33mviewBox\u001b[39m=\u001b[32m\"0 0 24 24\"\u001b[39m\n              \u001b[33mwidth\u001b[39m=\u001b[32m\"14\"\u001b[39m\n              \u001b[33mxmlns\u001b[39m=\u001b[32m\"http://www.w3.org/2000/svg\"\u001b[39m\n            \u001b[36m>\u001b[39m\n              \u001b[36m<path\u001b[39m\n                \u001b[33md\u001b[39m=\u001b[32m\"M19 21v-2a4 4 0 0 0-4-4H9a4 4 0 0 0-4 4v2\"\u001b[39m\n              \u001b[36m/>\u001b[39m\n              \u001b[36m<circle\u001b[39m\n                \u001b[33mcx\u001b[39m=\u001b[32m\"12\"\u001b[39m\n                \u001b[33mcy\u001b[39m=\u001b[32m\"7\"\u001b[39m\n                \u001b[33mr\u001b[39m=\u001b[32m\"4\"\u001b[39m\n              \u001b[36m/>\u001b[39m\n            \u001b[36m</svg>\u001b[39m\n            \u001b[36m<span>\u001b[39m\n              \u001b[0mRajesh\u001b[0m\n            \u001b[36m</span>\u001b[39m\n            \u001b[36m<svg\u001b[39m\n              \u001b[33mclass\u001b[39m=\u001b[32m\"lucide lucide-chevron-down\"\u001b[39m\n              \u001b[33mfill\u001b[39m=\u001b[32m\"none\"\u001b[39m\n              \u001b[33mheight\u001b[39m=\u001b[32m\"12\"\u001b[39m\n              \u001b[33mstroke\u001b[39m=\u001b[32m\"currentColor\"\u001b[39m\n              \u001b[33mstroke-linecap\u001b[39m=\u001b[32m\"round\"\u001b[39m\n              \u001b[33mstroke-linejoin\u001b[39m=\u001b[32m\"round\"\u001b[39m\n              \u001b[33mstroke-width\u001b[39m=\u001b[32m\"2\"\u001b[39m\n              \u001b[33mviewBox\u001b[39m=\u001b[32m\"0 0 24 24\"\u001b[39m\n              \u001b[33mwidth\u001b[39m=\u001b[32m\"12\"\u001b[39m\n              \u001b[33mxmlns\u001b[39m=\u001b[32m\"http://www.w3.org/2000/svg\"\u001b[39m\n            \u001b[36m>\u001b[39m\n              \u001b[36m<path\u001b[39m\n                \u001b[33md\u001b[39m=\u001b[32m\"m6 9 6 6 6-6\"\u001b[39m\n              \u001b[36m/>\u001b[39m\n            \u001b[36m</svg>\u001b[39m\n          \u001b[36m</button>\u001b[39m\n        \u001b[36m</div>\u001b[39m\n      \u001b[36m</div>\u001b[39m\n    \u001b[36m</nav>\u001b[39m\n  \u001b[36m</div>\u001b[39m\n\u001b[36m</body>\u001b[39m\n    at Object.getElementError (C:\\PERSONAL SPCE\\Shield-main\\shield-frontend\\node_modules\\@testing-library\\dom\\dist\\config.js:37:19)\n    at C:\\PERSONAL SPCE\\Shield-main\\shield-frontend\\node_modules\\@testing-library\\dom\\dist\\query-helpers.js:76:38\n    at C:\\PERSONAL SPCE\\Shield-main\\shield-frontend\\node_modules\\@testing-library\\dom\\dist\\query-helpers.js:52:17\n    at C:\\PERSONAL SPCE\\Shield-main\\shield-frontend\\node_modules\\@testing-library\\dom\\dist\\query-helpers.js:95:19\n    at C:/PERSONAL SPCE/Shield-main/shield-frontend/src/tests/components/NavBar.test.jsx:36:19\n    at file:///C:/PERSONAL%20SPCE/Shield-main/shield-frontend/node_modules/@vitest/runner/dist/chunk-artifact.js:302:11\n    at file:///C:/PERSONAL%20SPCE/Shield-main/shield-frontend/node_modules/@vitest/runner/dist/chunk-artifact.js:1903:26\n    at file:///C:/PERSONAL%20SPCE/Shield-main/shield-frontend/node_modules/@vitest/runner/dist/chunk-artifact.js:2326:20\n    at new Promise (<anonymous>)\n    at runWithCancel (file:///C:/PERSONAL%20SPCE/Shield-main/shield-frontend/node_modules/@vitest/runner/dist/chunk-artifact.js:2323:10)"],"meta":{},"tags":[]},{"ancestorTitles":["NavBar"],"fullName":"NavBar shows Upload link only for police_officer","status":"failed","title":"shows Upload link only for police_officer","duration":80.03520000000208,"failureMessages":["TestingLibraryElementError: Unable to find an element with the text: Upload. This could be because the text is broken up by multiple elements. In this case, you can provide a function for your text matcher to make your matcher more flexible.\n\nIgnored nodes: comments, script, style\n\u001b[36m<body>\u001b[39m\n  \u001b[36m<div>\u001b[39m\n    \u001b[36m<nav\u001b[39m\n      \u001b[33mclass\u001b[39m=\u001b[32m\"navbar\"\u001b[39m\n      \u001b[33mdata-testid\u001b[39m=\u001b[32m\"navbar\"\u001b[39m\n    \u001b[36m>\u001b[39m\n      \u001b[36m<a\u001b[39m\n        \u001b[33maria-current\u001b[39m=\u001b[32m\"page\"\u001b[39m\n        \u001b[33mclass\u001b[39m=\u001b[32m\"navbar-brand active\"\u001b[39m\n        \u001b[33mhref\u001b[39m=\u001b[32m\"/\"\u001b[39m\n      \u001b[36m>\u001b[39m\n        \u001b[36m<svg\u001b[39m\n          \u001b[33mclass\u001b[39m=\u001b[32m\"lucide lucide-shield brand-icon\"\u001b[39m\n          \u001b[33mfill\u001b[39m=\u001b[32m\"none\"\u001b[39m\n          \u001b[33mheight\u001b[39m=\u001b[32m\"18\"\u001b[39m\n          \u001b[33mstroke\u001b[39m=\u001b[32m\"currentColor\"\u001b[39m\n          \u001b[33mstroke-linecap\u001b[39m=\u001b[32m\"round\"\u001b[39m\n          \u001b[33mstroke-linejoin\u001b[39m=\u001b[32m\"round\"\u001b[39m\n          \u001b[33mstroke-width\u001b[39m=\u001b[32m\"2\"\u001b[39m\n          \u001b[33mviewBox\u001b[39m=\u001b[32m\"0 0 24 24\"\u001b[39m\n          \u001b[33mwidth\u001b[39m=\u001b[32m\"18\"\u001b[39m\n          \u001b[33mxmlns\u001b[39m=\u001b[32m\"http://www.w3.org/2000/svg\"\u001b[39m\n        \u001b[36m>\u001b[39m\n          \u001b[36m<path\u001b[39m\n            \u001b[33md\u001b[39m=\u001b[32m\"M20 13c0 5-3.5 7.5-7.66 8.95a1 1 0 0 1-.67-.01C7.5 20.5 4 18 4 13V6a1 1 0 0 1 1-1c2 0 4.5-1.2 6.24-2.72a1.17 1.17 0 0 1 1.52 0C14.51 3.81 17 5 19 5a1 1 0 0 1 1 1z\"\u001b[39m\n          \u001b[36m/>\u001b[39m\n        \u001b[36m</svg>\u001b[39m\n        \u001b[0mSHIELD\u001b[0m\n      \u001b[36m</a>\u001b[39m\n      \u001b[36m<div\u001b[39m\n        \u001b[33mclass\u001b[39m=\u001b[32m\"navbar-divider\"\u001b[39m\n      \u001b[36m/>\u001b[39m\n      \u001b[36m<div\u001b[39m\n        \u001b[33mclass\u001b[39m=\u001b[32m\"navbar-nav\"\u001b[39m\n      \u001b[36m/>\u001b[39m\n      \u001b[36m<div\u001b[39m\n        \u001b[33mclass\u001b[39m=\u001b[32m\"navbar-right\"\u001b[39m\n      \u001b[36m>\u001b[39m\n        \u001b[36m<button\u001b[39m\n          \u001b[33maria-label\u001b[39m=\u001b[32m\"Switch to dark mode\"\u001b[39m\n          \u001b[33mclass\u001b[39m=\u001b[32m\"theme-toggle\"\u001b[39m\n          \u001b[33mtitle\u001b[39m=\u001b[32m\"Dark mode\"\u001b[39m\n        \u001b[36m>\u001b[39m\n          \u001b[36m<svg\u001b[39m\n            \u001b[33mclass\u001b[39m=\u001b[32m\"lucide lucide-moon\"\u001b[39m\n            \u001b[33mfill\u001b[39m=\u001b[32m\"none\"\u001b[39m\n            \u001b[33mheight\u001b[39m=\u001b[32m\"16\"\u001b[39m\n            \u001b[33mstroke\u001b[39m=\u001b[32m\"currentColor\"\u001b[39m\n            \u001b[33mstroke-linecap\u001b[39m=\u001b[32m\"round\"\u001b[39m\n            \u001b[33mstroke-linejoin\u001b[39m=\u001b[32m\"round\"\u001b[39m\n            \u001b[33mstroke-width\u001b[39m=\u001b[32m\"2\"\u001b[39m\n            \u001b[33mviewBox\u001b[39m=\u001b[32m\"0 0 24 24\"\u001b[39m\n            \u001b[33mwidth\u001b[39m=\u001b[32m\"16\"\u001b[39m\n            \u001b[33mxmlns\u001b[39m=\u001b[32m\"http://www.w3.org/2000/svg\"\u001b[39m\n          \u001b[36m>\u001b[39m\n            \u001b[36m<path\u001b[39m\n              \u001b[33md\u001b[39m=\u001b[32m\"M12 3a6 6 0 0 0 9 9 9 9 0 1 1-9-9Z\"\u001b[39m\n            \u001b[36m/>\u001b[39m\n          \u001b[36m</svg>\u001b[39m\n        \u001b[36m</button>\u001b[39m\n        \u001b[36m<div\u001b[39m\n          \u001b[33mclass\u001b[39m=\u001b[32m\"navbar-user-wrapper\"\u001b[39m\n        \u001b[36m>\u001b[39m\n          \u001b[36m<button\u001b[39m\n            \u001b[33maria-expanded\u001b[39m=\u001b[32m\"false\"\u001b[39m\n            \u001b[33maria-haspopup\u001b[39m=\u001b[32m\"menu\"\u001b[39m\n            \u001b[33mclass\u001b[39m=\u001b[32m\"user-menu-btn\"\u001b[39m\n          \u001b[36m>\u001b[39m\n            \u001b[36m<svg\u001b[39m\n              \u001b[33mclass\u001b[39m=\u001b[32m\"lucide lucide-user\"\u001b[39m\n              \u001b[33mfill\u001b[39m=\u001b[32m\"none\"\u001b[39m\n              \u001b[33mheight\u001b[39m=\u001b[32m\"14\"\u001b[39m\n              \u001b[33mstroke\u001b[39m=\u001b[32m\"currentColor\"\u001b[39m\n              \u001b[33mstroke-linecap\u001b[39m=\u001b[32m\"round\"\u001b[39m\n              \u001b[33mstroke-linejoin\u001b[39m=\u001b[32m\"round\"\u001b[39m\n              \u001b[33mstroke-width\u001b[39m=\u001b[32m\"2\"\u001b[39m\n              \u001b[33mviewBox\u001b[39m=\u001b[32m\"0 0 24 24\"\u001b[39m\n              \u001b[33mwidth\u001b[39m=\u001b[32m\"14\"\u001b[39m\n              \u001b[33mxmlns\u001b[39m=\u001b[32m\"http://www.w3.org/2000/svg\"\u001b[39m\n            \u001b[36m>\u001b[39m\n              \u001b[36m<path\u001b[39m\n                \u001b[33md\u001b[39m=\u001b[32m\"M19 21v-2a4 4 0 0 0-4-4H9a4 4 0 0 0-4 4v2\"\u001b[39m\n              \u001b[36m/>\u001b[39m\n              \u001b[36m<circle\u001b[39m\n                \u001b[33mcx\u001b[39m=\u001b[32m\"12\"\u001b[39m\n                \u001b[33mcy\u001b[39m=\u001b[32m\"7\"\u001b[39m\n                \u001b[33mr\u001b[39m=\u001b[32m\"4\"\u001b[39m\n              \u001b[36m/>\u001b[39m\n            \u001b[36m</svg>\u001b[39m\n            \u001b[36m<span>\u001b[39m\n              \u001b[0mRajesh\u001b[0m\n            \u001b[36m</span>\u001b[39m\n            \u001b[36m<svg\u001b[39m\n              \u001b[33mclass\u001b[39m=\u001b[32m\"lucide lucide-chevron-down\"\u001b[39m\n              \u001b[33mfill\u001b[39m=\u001b[32m\"none\"\u001b[39m\n              \u001b[33mheight\u001b[39m=\u001b[32m\"12\"\u001b[39m\n              \u001b[33mstroke\u001b[39m=\u001b[32m\"currentColor\"\u001b[39m\n              \u001b[33mstroke-linecap\u001b[39m=\u001b[32m\"round\"\u001b[39m\n              \u001b[33mstroke-linejoin\u001b[39m=\u001b[32m\"round\"\u001b[39m\n              \u001b[33mstroke-width\u001b[39m=\u001b[32m\"2\"\u001b[39m\n              \u001b[33mviewBox\u001b[39m=\u001b[32m\"0 0 24 24\"\u001b[39m\n              \u001b[33mwidth\u001b[39m=\u001b[32m\"12\"\u001b[39m\n              \u001b[33mxmlns\u001b[39m=\u001b[32m\"http://www.w3.org/2000/svg\"\u001b[39m\n            \u001b[36m>\u001b[39m\n              \u001b[36m<path\u001b[39m\n                \u001b[33md\u001b[39m=\u001b[32m\"m6 9 6 6 6-6\"\u001b[39m\n              \u001b[36m/>\u001b[39m\n            \u001b[36m</svg>\u001b[39m\n          \u001b[36m</button>\u001b[39m\n        \u001b[36m</div>\u001b[39m\n      \u001b[36m</div>\u001b[39m\n    \u001b[36m</nav>\u001b[39m\n  \u001b[36m</div>\u001b[39m\n\u001b[36m</body>\u001b[39m\n    at Object.getElementError (C:\\PERSONAL SPCE\\Shield-main\\shield-frontend\\node_modules\\@testing-library\\dom\\dist\\config.js:37:19)\n    at C:\\PERSONAL SPCE\\Shield-main\\shield-frontend\\node_modules\\@testing-library\\dom\\dist\\query-helpers.js:76:38\n    at C:\\PERSONAL SPCE\\Shield-main\\shield-frontend\\node_modules\\@testing-library\\dom\\dist\\query-helpers.js:52:17\n    at C:\\PERSONAL SPCE\\Shield-main\\shield-frontend\\node_modules\\@testing-library\\dom\\dist\\query-helpers.js:95:19\n    at C:/PERSONAL SPCE/Shield-main/shield-frontend/src/tests/components/NavBar.test.jsx:42:19\n    at file:///C:/PERSONAL%20SPCE/Shield-main/shield-frontend/node_modules/@vitest/runner/dist/chunk-artifact.js:302:11\n    at file:///C:/PERSONAL%20SPCE/Shield-main/shield-frontend/node_modules/@vitest/runner/dist/chunk-artifact.js:1903:26\n    at file:///C:/PERSONAL%20SPCE/Shield-main/shield-frontend/node_modules/@vitest/runner/dist/chunk-artifact.js:2326:20\n    at new Promise (<anonymous>)\n    at runWithCancel (file:///C:/PERSONAL%20SPCE/Shield-main/shield-frontend/node_modules/@vitest/runner/dist/chunk-artifact.js:2323:10)"],"meta":{},"tags":[]},{"ancestorTitles":["NavBar"],"fullName":"NavBar hides Upload link for judicial_authority","status":"passed","title":"hides Upload link for judicial_authority","duration":42.952399999998306,"failureMessages":[],"meta":{},"tags":[]},{"ancestorTitles":["NavBar"],"fullName":"NavBar shows Audit Log only for judicial_authority","status":"failed","title":"shows Audit Log only for judicial_authority","duration":32.675999999999476,"failureMessages":["TestingLibraryElementError: Unable to find an element with the text: Audit Log. This could be because the text is broken up by multiple elements. In this case, you can provide a function for your text matcher to make your matcher more flexible.\n\nIgnored nodes: comments, script, style\n\u001b[36m<body>\u001b[39m\n  \u001b[36m<div>\u001b[39m\n    \u001b[36m<nav\u001b[39m\n      \u001b[33mclass\u001b[39m=\u001b[32m\"navbar\"\u001b[39m\n      \u001b[33mdata-testid\u001b[39m=\u001b[32m\"navbar\"\u001b[39m\n    \u001b[36m>\u001b[39m\n      \u001b[36m<a\u001b[39m\n        \u001b[33maria-current\u001b[39m=\u001b[32m\"page\"\u001b[39m\n        \u001b[33mclass\u001b[39m=\u001b[32m\"navbar-brand active\"\u001b[39m\n        \u001b[33mhref\u001b[39m=\u001b[32m\"/\"\u001b[39m\n      \u001b[36m>\u001b[39m\n        \u001b[36m<svg\u001b[39m\n          \u001b[33mclass\u001b[39m=\u001b[32m\"lucide lucide-shield brand-icon\"\u001b[39m\n          \u001b[33mfill\u001b[39m=\u001b[32m\"none\"\u001b[39m\n          \u001b[33mheight\u001b[39m=\u001b[32m\"18\"\u001b[39m\n          \u001b[33mstroke\u001b[39m=\u001b[32m\"currentColor\"\u001b[39m\n          \u001b[33mstroke-linecap\u001b[39m=\u001b[32m\"round\"\u001b[39m\n          \u001b[33mstroke-linejoin\u001b[39m=\u001b[32m\"round\"\u001b[39m\n          \u001b[33mstroke-width\u001b[39m=\u001b[32m\"2\"\u001b[39m\n          \u001b[33mviewBox\u001b[39m=\u001b[32m\"0 0 24 24\"\u001b[39m\n          \u001b[33mwidth\u001b[39m=\u001b[32m\"18\"\u001b[39m\n          \u001b[33mxmlns\u001b[39m=\u001b[32m\"http://www.w3.org/2000/svg\"\u001b[39m\n        \u001b[36m>\u001b[39m\n          \u001b[36m<path\u001b[39m\n            \u001b[33md\u001b[39m=\u001b[32m\"M20 13c0 5-3.5 7.5-7.66 8.95a1 1 0 0 1-.67-.01C7.5 20.5 4 18 4 13V6a1 1 0 0 1 1-1c2 0 4.5-1.2 6.24-2.72a1.17 1.17 0 0 1 1.52 0C14.51 3.81 17 5 19 5a1 1 0 0 1 1 1z\"\u001b[39m\n          \u001b[36m/>\u001b[39m\n        \u001b[36m</svg>\u001b[39m\n        \u001b[0mSHIELD\u001b[0m\n      \u001b[36m</a>\u001b[39m\n      \u001b[36m<div\u001b[39m\n        \u001b[33mclass\u001b[39m=\u001b[32m\"navbar-divider\"\u001b[39m\n      \u001b[36m/>\u001b[39m\n      \u001b[36m<div\u001b[39m\n        \u001b[33mclass\u001b[39m=\u001b[32m\"navbar-nav\"\u001b[39m\n      \u001b[36m/>\u001b[39m\n      \u001b[36m<div\u001b[39m\n        \u001b[33mclass\u001b[39m=\u001b[32m\"navbar-right\"\u001b[39m\n      \u001b[36m>\u001b[39m\n        \u001b[36m<button\u001b[39m\n          \u001b[33maria-label\u001b[39m=\u001b[32m\"Switch to dark mode\"\u001b[39m\n          \u001b[33mclass\u001b[39m=\u001b[32m\"theme-toggle\"\u001b[39m\n          \u001b[33mtitle\u001b[39m=\u001b[32m\"Dark mode\"\u001b[39m\n        \u001b[36m>\u001b[39m\n          \u001b[36m<svg\u001b[39m\n            \u001b[33mclass\u001b[39m=\u001b[32m\"lucide lucide-moon\"\u001b[39m\n            \u001b[33mfill\u001b[39m=\u001b[32m\"none\"\u001b[39m\n            \u001b[33mheight\u001b[39m=\u001b[32m\"16\"\u001b[39m\n            \u001b[33mstroke\u001b[39m=\u001b[32m\"currentColor\"\u001b[39m\n            \u001b[33mstroke-linecap\u001b[39m=\u001b[32m\"round\"\u001b[39m\n            \u001b[33mstroke-linejoin\u001b[39m=\u001b[32m\"round\"\u001b[39m\n            \u001b[33mstroke-width\u001b[39m=\u001b[32m\"2\"\u001b[39m\n            \u001b[33mviewBox\u001b[39m=\u001b[32m\"0 0 24 24\"\u001b[39m\n            \u001b[33mwidth\u001b[39m=\u001b[32m\"16\"\u001b[39m\n            \u001b[33mxmlns\u001b[39m=\u001b[32m\"http://www.w3.org/2000/svg\"\u001b[39m\n          \u001b[36m>\u001b[39m\n            \u001b[36m<path\u001b[39m\n              \u001b[33md\u001b[39m=\u001b[32m\"M12 3a6 6 0 0 0 9 9 9 9 0 1 1-9-9Z\"\u001b[39m\n            \u001b[36m/>\u001b[39m\n          \u001b[36m</svg>\u001b[39m\n        \u001b[36m</button>\u001b[39m\n        \u001b[36m<div\u001b[39m\n          \u001b[33mclass\u001b[39m=\u001b[32m\"navbar-user-wrapper\"\u001b[39m\n        \u001b[36m>\u001b[39m\n          \u001b[36m<button\u001b[39m\n            \u001b[33maria-expanded\u001b[39m=\u001b[32m\"false\"\u001b[39m\n            \u001b[33maria-haspopup\u001b[39m=\u001b[32m\"menu\"\u001b[39m\n            \u001b[33mclass\u001b[39m=\u001b[32m\"user-menu-btn\"\u001b[39m\n          \u001b[36m>\u001b[39m\n            \u001b[36m<svg\u001b[39m\n              \u001b[33mclass\u001b[39m=\u001b[32m\"lucide lucide-user\"\u001b[39m\n              \u001b[33mfill\u001b[39m=\u001b[32m\"none\"\u001b[39m\n              \u001b[33mheight\u001b[39m=\u001b[32m\"14\"\u001b[39m\n              \u001b[33mstroke\u001b[39m=\u001b[32m\"currentColor\"\u001b[39m\n              \u001b[33mstroke-linecap\u001b[39m=\u001b[32m\"round\"\u001b[39m\n              \u001b[33mstroke-linejoin\u001b[39m=\u001b[32m\"round\"\u001b[39m\n              \u001b[33mstroke-width\u001b[39m=\u001b[32m\"2\"\u001b[39m\n              \u001b[33mviewBox\u001b[39m=\u001b[32m\"0 0 24 24\"\u001b[39m\n              \u001b[33mwidth\u001b[39m=\u001b[32m\"14\"\u001b[39m\n              \u001b[33mxmlns\u001b[39m=\u001b[32m\"http://www.w3.org/2000/svg\"\u001b[39m\n            \u001b[36m>\u001b[39m\n              \u001b[36m<path\u001b[39m\n                \u001b[33md\u001b[39m=\u001b[32m\"M19 21v-2a4 4 0 0 0-4-4H9a4 4 0 0 0-4 4v2\"\u001b[39m\n              \u001b[36m/>\u001b[39m\n              \u001b[36m<circle\u001b[39m\n                \u001b[33mcx\u001b[39m=\u001b[32m\"12\"\u001b[39m\n                \u001b[33mcy\u001b[39m=\u001b[32m\"7\"\u001b[39m\n                \u001b[33mr\u001b[39m=\u001b[32m\"4\"\u001b[39m\n              \u001b[36m/>\u001b[39m\n            \u001b[36m</svg>\u001b[39m\n            \u001b[36m<span>\u001b[39m\n              \u001b[0mRajesh\u001b[0m\n            \u001b[36m</span>\u001b[39m\n            \u001b[36m<svg\u001b[39m\n              \u001b[33mclass\u001b[39m=\u001b[32m\"lucide lucide-chevron-down\"\u001b[39m\n              \u001b[33mfill\u001b[39m=\u001b[32m\"none\"\u001b[39m\n              \u001b[33mheight\u001b[39m=\u001b[32m\"12\"\u001b[39m\n              \u001b[33mstroke\u001b[39m=\u001b[32m\"currentColor\"\u001b[39m\n              \u001b[33mstroke-linecap\u001b[39m=\u001b[32m\"round\"\u001b[39m\n              \u001b[33mstroke-linejoin\u001b[39m=\u001b[32m\"round\"\u001b[39m\n              \u001b[33mstroke-width\u001b[39m=\u001b[32m\"2\"\u001b[39m\n              \u001b[33mviewBox\u001b[39m=\u001b[32m\"0 0 24 24\"\u001b[39m\n              \u001b[33mwidth\u001b[39m=\u001b[32m\"12\"\u001b[39m\n              \u001b[33mxmlns\u001b[39m=\u001b[32m\"http://www.w3.org/2000/svg\"\u001b[39m\n            \u001b[36m>\u001b[39m\n              \u001b[36m<path\u001b[39m\n                \u001b[33md\u001b[39m=\u001b[32m\"m6 9 6 6 6-6\"\u001b[39m\n              \u001b[36m/>\u001b[39m\n            \u001b[36m</svg>\u001b[39m\n          \u001b[36m</button>\u001b[39m\n        \u001b[36m</div>\u001b[39m\n      \u001b[36m</div>\u001b[39m\n    \u001b[36m</nav>\u001b[39m\n  \u001b[36m</div>\u001b[39m\n\u001b[36m</body>\u001b[39m\n    at Object.getElementError (C:\\PERSONAL SPCE\\Shield-main\\shield-frontend\\node_modules\\@testing-library\\dom\\dist\\config.js:37:19)\n    at C:\\PERSONAL SPCE\\Shield-main\\shield-frontend\\node_modules\\@testing-library\\dom\\dist\\query-helpers.js:76:38\n    at C:\\PERSONAL SPCE\\Shield-main\\shield-frontend\\node_modules\\@testing-library\\dom\\dist\\query-helpers.js:52:17\n    at C:\\PERSONAL SPCE\\Shield-main\\shield-frontend\\node_modules\\@testing-library\\dom\\dist\\query-helpers.js:95:19\n    at C:/PERSONAL SPCE/Shield-main/shield-frontend/src/tests/components/NavBar.test.jsx:54:19\n    at file:///C:/PERSONAL%20SPCE/Shield-main/shield-frontend/node_modules/@vitest/runner/dist/chunk-artifact.js:302:11\n    at file:///C:/PERSONAL%20SPCE/Shield-main/shield-frontend/node_modules/@vitest/runner/dist/chunk-artifact.js:1903:26\n    at file:///C:/PERSONAL%20SPCE/Shield-main/shield-frontend/node_modules/@vitest/runner/dist/chunk-artifact.js:2326:20\n    at new Promise (<anonymous>)\n    at runWithCancel (file:///C:/PERSONAL%20SPCE/Shield-main/shield-frontend/node_modules/@vitest/runner/dist/chunk-artifact.js:2323:10)"],"meta":{},"tags":[]},{"ancestorTitles":["NavBar"],"fullName":"NavBar hides Audit Log for police_officer","status":"passed","title":"hides Audit Log for police_officer","duration":19.7413000000015,"failureMessages":[],"meta":{},"tags":[]},{"ancestorTitles":["NavBar"],"fullName":"NavBar shows User Management only for admin","status":"failed","title":"shows User Management only for admin","duration":19.766599999999016,"failureMessages":["TestingLibraryElementError: Unable to find an element with the text: User Management. This could be because the text is broken up by multiple elements. In this case, you can provide a function for your text matcher to make your matcher more flexible.\n\nIgnored nodes: comments, script, style\n\u001b[36m<body>\u001b[39m\n  \u001b[36m<div>\u001b[39m\n    \u001b[36m<nav\u001b[39m\n      \u001b[33mclass\u001b[39m=\u001b[32m\"navbar\"\u001b[39m\n      \u001b[33mdata-testid\u001b[39m=\u001b[32m\"navbar\"\u001b[39m\n    \u001b[36m>\u001b[39m\n      \u001b[36m<a\u001b[39m\n        \u001b[33maria-current\u001b[39m=\u001b[32m\"page\"\u001b[39m\n        \u001b[33mclass\u001b[39m=\u001b[32m\"navbar-brand active\"\u001b[39m\n        \u001b[33mhref\u001b[39m=\u001b[32m\"/\"\u001b[39m\n      \u001b[36m>\u001b[39m\n        \u001b[36m<svg\u001b[39m\n          \u001b[33mclass\u001b[39m=\u001b[32m\"lucide lucide-shield brand-icon\"\u001b[39m\n          \u001b[33mfill\u001b[39m=\u001b[32m\"none\"\u001b[39m\n          \u001b[33mheight\u001b[39m=\u001b[32m\"18\"\u001b[39m\n          \u001b[33mstroke\u001b[39m=\u001b[32m\"currentColor\"\u001b[39m\n          \u001b[33mstroke-linecap\u001b[39m=\u001b[32m\"round\"\u001b[39m\n          \u001b[33mstroke-linejoin\u001b[39m=\u001b[32m\"round\"\u001b[39m\n          \u001b[33mstroke-width\u001b[39m=\u001b[32m\"2\"\u001b[39m\n          \u001b[33mviewBox\u001b[39m=\u001b[32m\"0 0 24 24\"\u001b[39m\n          \u001b[33mwidth\u001b[39m=\u001b[32m\"18\"\u001b[39m\n          \u001b[33mxmlns\u001b[39m=\u001b[32m\"http://www.w3.org/2000/svg\"\u001b[39m\n        \u001b[36m>\u001b[39m\n          \u001b[36m<path\u001b[39m\n            \u001b[33md\u001b[39m=\u001b[32m\"M20 13c0 5-3.5 7.5-7.66 8.95a1 1 0 0 1-.67-.01C7.5 20.5 4 18 4 13V6a1 1 0 0 1 1-1c2 0 4.5-1.2 6.24-2.72a1.17 1.17 0 0 1 1.52 0C14.51 3.81 17 5 19 5a1 1 0 0 1 1 1z\"\u001b[39m\n          \u001b[36m/>\u001b[39m\n        \u001b[36m</svg>\u001b[39m\n        \u001b[0mSHIELD\u001b[0m\n      \u001b[36m</a>\u001b[39m\n      \u001b[36m<div\u001b[39m\n        \u001b[33mclass\u001b[39m=\u001b[32m\"navbar-divider\"\u001b[39m\n      \u001b[36m/>\u001b[39m\n      \u001b[36m<div\u001b[39m\n        \u001b[33mclass\u001b[39m=\u001b[32m\"navbar-nav\"\u001b[39m\n      \u001b[36m/>\u001b[39m\n      \u001b[36m<div\u001b[39m\n        \u001b[33mclass\u001b[39m=\u001b[32m\"navbar-right\"\u001b[39m\n      \u001b[36m>\u001b[39m\n        \u001b[36m<button\u001b[39m\n          \u001b[33maria-label\u001b[39m=\u001b[32m\"Switch to dark mode\"\u001b[39m\n          \u001b[33mclass\u001b[39m=\u001b[32m\"theme-toggle\"\u001b[39m\n          \u001b[33mtitle\u001b[39m=\u001b[32m\"Dark mode\"\u001b[39m\n        \u001b[36m>\u001b[39m\n          \u001b[36m<svg\u001b[39m\n            \u001b[33mclass\u001b[39m=\u001b[32m\"lucide lucide-moon\"\u001b[39m\n            \u001b[33mfill\u001b[39m=\u001b[32m\"none\"\u001b[39m\n            \u001b[33mheight\u001b[39m=\u001b[32m\"16\"\u001b[39m\n            \u001b[33mstroke\u001b[39m=\u001b[32m\"currentColor\"\u001b[39m\n            \u001b[33mstroke-linecap\u001b[39m=\u001b[32m\"round\"\u001b[39m\n            \u001b[33mstroke-linejoin\u001b[39m=\u001b[32m\"round\"\u001b[39m\n            \u001b[33mstroke-width\u001b[39m=\u001b[32m\"2\"\u001b[39m\n            \u001b[33mviewBox\u001b[39m=\u001b[32m\"0 0 24 24\"\u001b[39m\n            \u001b[33mwidth\u001b[39m=\u001b[32m\"16\"\u001b[39m\n 
[...]
4\"\u001b[39m\n              \u001b[33mxmlns\u001b[39m=\u001b[32m\"http://www.w3.org/2000/svg\"\u001b[39m\n            \u001b[36m>\u001b[39m\n              \u001b[36m<path\u001b[39m\n                \u001b[33md\u001b[39m=\u001b[32m\"M19 21v-2a4 4 0 0 0-4-4H9a4 4 0 0 0-4 4v2\"\u001b[39m\n              \u001b[36m/>\u001b[39m\n              \u001b[36m<circle\u001b[39m\n                \u001b[33mcx\u001b[39m=\u001b[32m\"12\"\u001b[39m\n                \u001b[33mcy\u001b[39m=\u001b[32m\"7\"\u001b[39m\n                \u001b[33mr\u001b[39m=\u001b[32m\"4\"\u001b[39m\n              \u001b[36m/>\u001b[39m\n            \u001b[36m</svg>\u001b[39m\n            \u001b[36m<span>\u001b[39m\n              \u001b[0mRajesh\u001b[0m\n            \u001b[36m</span>\u001b[39m\n            \u001b[36m<svg\u001b[39m\n              \u001b[33mclass\u001b[39m=\u001b[32m\"lucide lucide-chevron-down\"\u001b[39m\n              \u001b[33mfill\u001b[39m=\u001b[32m\"none\"\u001b[39m\n              \u001b[33mheight\u001b[39m=\u001b[32m\"12\"\u001b[39m\n              \u001b[33mstroke\u001b[39m=\u001b[32m\"currentColor\"\u001b[39m\n              \u001b[33mstroke-linecap\u001b[39m=\u001b[32m\"round\"\u001b[39m\n              \u001b[33mstroke-linejoin\u001b[39m=\u001b[32m\"round\"\u001b[39m\n              \u001b[33mstroke-width\u001b[39m=\u001b[32m\"2\"\u001b[39m\n              \u001b[33mviewBox\u001b[39m=\u001b[32m\"0 0 24 24\"\u001b[39m\n              \u001b[33mwidth\u001b[39m=\u001b[32m\"12\"\u001b[39m\n              \u001b[33mxmlns\u001b[39m=\u001b[32m\"http://www.w3.org/2000/svg\"\u001b[39m\n            \u001b[36m>\u001b[39m\n              \u001b[36m<path\u001b[39m\n                \u001b[33md\u001b[39m=\u001b[32m\"m6 9 6 6 6-6\"\u001b[39m\n              \u001b[36m/>\u001b[39m\n            \u001b[36m</svg>\u001b[39m\n          \u001b[36m</button>\u001b[39m\n        \u001b[36m</div>\u001b[39m\n      \u001b[36m</div>\u001b[39m\n    \u001b[36m</nav>\u001b[39m\n  \u001b[36m</div>\u001b[39m\n\u001b[36m</body>\u001b[39m\n    at Object.getElementError (C:\\PERSONAL SPCE\\Shield-main\\shield-frontend\\node_modules\\@testing-library\\dom\\dist\\config.js:37:19)\n    at C:\\PERSONAL SPCE\\Shield-main\\shield-frontend\\node_modules\\@testing-library\\dom\\dist\\query-helpers.js:76:38\n    at C:\\PERSONAL SPCE\\Shield-main\\shield-frontend\\node_modules\\@testing-library\\dom\\dist\\query-helpers.js:52:17\n    at C:\\PERSONAL SPCE\\Shield-main\\shield-frontend\\node_modules\\@testing-library\\dom\\dist\\query-helpers.js:95:19\n    at C:/PERSONAL SPCE/Shield-main/shield-frontend/src/tests/components/NavBar.test.jsx:66:19\n    at file:///C:/PERSONAL%20SPCE/Shield-main/shield-frontend/node_modules/@vitest/runner/dist/chunk-artifact.js:302:11\n    at file:///C:/PERSONAL%20SPCE/Shield-main/shield-frontend/node_modules/@vitest/runner/dist/chunk-artifact.js:1903:26\n    at file:///C:/PERSONAL%20SPCE/Shield-main/shield-frontend/node_modules/@vitest/runner/dist/chunk-artifact.js:2326:20\n    at new Promise (<anonymous>)\n    at runWithCancel (file:///C:/PERSONAL%20SPCE/Shield-main/shield-frontend/node_modules/@vitest/runner/dist/chunk-artifact.js:2323:10)"],"meta":{},"tags":[]},{"ancestorTitles":["NavBar"],"fullName":"NavBar hides FIR Registry and Evidence Vault for admin","status":"passed","title":"hides FIR Registry and Evidence Vault for admin","duration":15.18119999999908,"failureMessages":[],"meta":{},"tags":[]},{"ancestorTitles":["NavBar"],"fullName":"NavBar opens user dropdown on button click","status":"passed","title":"opens user dropdown on button click","duration":302.94370000000345,"failureMessages":[],"meta":{},"tags":[]}],"startTime":1780409367166,"endTime":1780409368041.9436,"status":"failed","message":"","name":"C:/PERSONAL SPCE/Shield-main/shield-frontend/src/tests/components/NavBar.test.jsx"},{"assertionResults":[{"ancestorTitles":["ProtectedRoute"],"fullName":"ProtectedRoute redirects unauthenticated user to /login","status":"passed","title":"redirects unauthenticated user to /login","duration":486.3004000000001,"failureMessages":[],"meta":{},"tags":[]},{"ancestorTitles":["ProtectedRoute"],"fullName":"ProtectedRoute redirects authenticated user with wrong role to /","status":"passed","title":"redirects authenticated user with wrong role to /","duration":43.36769999999888,"failureMessages":[],"meta":{},"tags":[]},{"ancestorTitles":["ProtectedRoute"],"fullName":"ProtectedRoute renders children for authenticated user with correct role","status":"passed","title":"renders children for authenticated user with correct role","duration":23.580199999996694,"failureMessages":[],"meta":{},"tags":[]},{"ancestorTitles":["ProtectedRoute"],"fullName":"ProtectedRoute renders children when no roles restriction given and authenticated","status":"passed","title":"renders children when no roles restriction given and authenticated","duration":26.679199999998673,"failureMessages":[],"meta":{},"tags":[]}],"startTime":1780409366227,"endTime":1780409366807.6792,"status":"passed","message":"","name":"C:/PERSONAL SPCE/Shield-main/shield-frontend/src/tests/components/ProtectedRoute.test.jsx"},{"assertionResults":[{"ancestorTitles":["RoleBadge"],"fullName":"RoleBadge renders Police Officer badge","status":"failed","title":"renders Police Officer badge","duration":256.8264999999992,"failureMessages":["TestingLibraryElementError: Unable to find an element by: [data-testid=\"role-badge-police_officer\"]\n\nIgnored nodes: comments, script, style\n\u001b[36m<body>\u001b[39m\n  \u001b[36m<div />\u001b[39m\n\u001b[36m</body>\u001b[39m\n    at Object.getElementError (C:\\PERSONAL SPCE\\Shield-main\\shield-frontend\\node_modules\\@testing-library\\dom\\dist\\config.js:37:19)\n    at C:\\PERSONAL SPCE\\Shield-main\\shield-frontend\\node_modules\\@testing-library\\dom\\dist\\query-helpers.js:76:38\n    at C:\\PERSONAL SPCE\\Shield-main\\shield-frontend\\node_modules\\@testing-library\\dom\\dist\\query-helpers.js:52:17\n    at C:\\PERSONAL SPCE\\Shield-main\\shield-frontend\\node_modules\\@testing-library\\dom\\dist\\query-helpers.js:95:19\n    at C:/PERSONAL SPCE/Shield-main/shield-frontend/src/tests/components/RoleBadge.test.jsx:9:26\n    at file:///C:/PERSONAL%20SPCE/Shield-main/shield-frontend/node_modules/@vitest/runner/dist/chunk-artifact.js:302:11\n    at file:///C:/PERSONAL%20SPCE/Shield-main/shield-frontend/node_modules/@vitest/runner/dist/chunk-artifact.js:1903:26\n    at file:///C:/PERSONAL%20SPCE/Shield-main/shield-frontend/node_modules/@vitest/runner/dist/chunk-artifact.js:2326:20\n    at new Promise (<anonymous>)\n    at runWithCancel (file:///C:/PERSONAL%20SPCE/Shield-main/shield-frontend/node_modules/@vitest/runner/dist/chunk-artifact.js:2323:10)"],"meta":{},"tags":[]},{"ancestorTitles":["RoleBadge"],"fullName":"RoleBadge renders Judicial Authority badge","status":"failed","title":"renders Judicial Authority badge","duration":10.308899999999994,"failureMessages":["TestingLibraryElementError: Unable to find an element by: [data-testid=\"role-badge-judicial_authority\"]\n\nIgnored nodes: comments, script, style\n\u001b[36m<body>\u001b[39m\n  \u001b[36m<div />\u001b[39m\n\u001b[36m</body>\u001b[39m\n    at Object.getElementError (C:\\PERSONAL SPCE\\Shield-main\\shield-frontend\\node_modules\\@testing-library\\dom\\dist\\config.js:37:19)\n    at C:\\PERSONAL SPCE\\Shield-main\\shield-frontend\\node_modules\\@testing-library\\dom\\dist\\query-helpers.js:76:38\n    at C:\\PERSONAL SPCE\\Shield-main\\shield-frontend\\node_modules\\@testing-library\\dom\\dist\\query-helpers.js:52:17\n    at C:\\PERSONAL SPCE\\Shield-main\\shield-frontend\\node_modules\\@testing-library\\dom\\dist\\query-helpers.js:95:19\n    at C:/PERSONAL SPCE/Shield-main/shield-frontend/src/tests/components/RoleBadge.test.jsx:16:26\n    at file:///C:/PERSONAL%20SPCE/Shield-main/shield-frontend/node_modules/@vitest/runner/dist/chunk-artifact.js:302:11\n    at file:///C:/PERSONAL%20SPCE/Shield-main/shield-frontend/node_modules/@vitest/runner/dist/chunk-artifact.js:1903:26\n    at file:///C:/PERSONAL%20SPCE/Shield-main/shield-frontend/node_modules/@vitest/runner/dist/chunk-artifact.js:2326:20\n    at new Promise (<anonymous>)\n    at runWithCancel (file:///C:/PERSONAL%20SPCE/Shield-main/shield-frontend/node_modules/@vitest/runner/dist/chunk-artifact.js:2323:10)"],"meta":{},"tags":[]},{"ancestorTitles":["RoleBadge"],"fullName":"RoleBadge renders Admin badge","status":"failed","title":"renders Admin badge","duration":10.557799999998679,"failureMessages":["TestingLibraryElementError: Unable to find an element by: [data-testid=\"role-badge-admin\"]\n\nIgnored nodes: comments, script, style\n\u001b[36m<body>\u001b[39m\n  \u001b[36m<div />\u001b[39m\n\u001b[36m</body>\u001b[39m\n    at Object.getElementError (C:\\PERSONAL SPCE\\Shield-main\\shield-frontend\\node_modules\\@testing-library\\dom\\dist\\config.js:37:19)\n    at C:\\PERSONAL SPCE\\Shield-main\\shield-frontend\\node_modules\\@testing-library\\dom\\dist\\query-helpers.js:76:38\n    at C:\\PERSONAL SPCE\\Shield-main\\shield-frontend\\node_modules\\@testing-library\\dom\\dist\\query-helpers.js:52:17\n    at C:\\PERSONAL SPCE\\Shield-main\\shield-frontend\\node_modules\\@testing-library\\dom\\dist\\query-helpers.js:95:19\n    at C:/PERSONAL SPCE/Shield-main/shield-frontend/src/tests/components/RoleBadge.test.jsx:23:26\n    at file:///C:/PERSONAL%20SPCE/Shield-main/shield-frontend/node_modules/@vitest/runner/dist/chunk-artifact.js:302:11\n    at file:///C:/PERSONAL%20SPCE/Shield-main/shield-frontend/node_modules/@vitest/runner/dist/chunk-artifact.js:1903:26\n    at file:///C:/PERSONAL%20SPCE/Shield-main/shield-frontend/node_modules/@vitest/runner/dist/chunk-artifact.js:2326:20\n    at new Promise (<anonymous>)\n    at runWithCancel (file:///C:/PERSONAL%20SPCE/Shield-main/shield-frontend/node_modules/@vitest/runner/dist/chunk-artifact.js:2323:10)"],"meta":{},"tags":[]},{"ancestorTitles":["RoleBadge"],"fullName":"RoleBadge renders nothing for unknown role","status":"passed","title":"renders nothing for unknown role","duration":7.509799999999814,"failureMessages":[],"meta":{},"tags":[]}],"startTime":1780409366874,"endTime":1780409367159.5098,"status":"failed","message":"","name":"C:/PERSONAL SPCE/Shield-main/shield-frontend/src/tests/components/RoleBadge.test.jsx"},{"assertionResults":[{"ancestorTitles":["StatCard"],"fullName":"StatCard renders value and label","status":"passed","title":"renders value and label","duration":241.87319999999818,"failureMessages":[],"meta":{},"tags":[]},{"ancestorTitles":["StatCard"],"fullName":"StatCard renders icon when provided","status":"passed","title":"renders icon when provided","duration":26.893800000001647,"failureMessages":[],"meta":{},"tags":[]},{"ancestorTitles":["StatCard"],"fullName":"StatCard renders em dash when value is undefined","status":"passed","title":"renders em dash when value is undefined","duration":13.844300000000658,"failureMessages":[],"meta":{},"tags":[]},{"ancestorTitles":["StatCard"],"fullName":"StatCard applies custom accent color via CSS variable","status":"passed","title":"applies custom accent color via CSS variable","duration":26.265000000003056,"failureMessages":[],"meta":{},"tags":[]}],"startTime":1780409366949,"endTime":1780409367258.265,"status":"passed","message":"","name":"C:/PERSONAL SPCE/Shield-main/shield-frontend/src/tests/components/StatCard.test.jsx"},{"assertionResults":[{"ancestorTitles":["StatusBadge"],"fullName":"StatusBadge renders Verified badge with correct class and text","status":"passed","title":"renders Verified badge with correct class and text","duration":218.20630000000165,"failureMessages":[],"meta":{},"tags":[]},{"ancestorTitles":["StatusBadge"],"fullName":"StatusBadge renders Pending badge with correct class and text","status":"passed","title":"renders Pending badge with correct class and text","duration":12.79819999999745,"failureMessages":[],"meta":{},"tags":[]},{"ancestorTitles":["StatusBadge"],"fullName":"StatusBadge renders Tampered badge with correct class and text","status":"passed","title":"renders Tampered badge with correct class and text","duration":9.351999999998952,"failureMessages":[],"meta":{},"tags":[]},{"ancestorTitles":["StatusBadge"],"fullName":"StatusBadge falls back to pending for unknown status","status":"passed","title":"falls back to pending for unknown status","duration":33.77950000000055,"failureMessages":[],"meta":{},"tags":[]}],"startTime":1780409366940,"endTime":1780409367213.7795,"status":"passed","message":"","name":"C:/PERSONAL SPCE/Shield-main/shield-frontend/src/tests/components/StatusBadge.test.jsx"},{"assertionResults":[{"ancestorTitles":["useAuth"],"fullName":"useAuth starts unauthenticated when no token in localStorage","status":"passed","title":"starts unauthenticated when no token in localStorage","duration":348.6333000000013,"failureMessages":[],"meta":{},"tags":[]},{"ancestorTitles":["useAuth"],"fullName":"useAuth restores session from localStorage on mount","status":"failed","title":"restores session from localStorage on mount","duration":94.11119999999937,"failureMessages":["AssertionError: expected false to be true // Object.is equality\n    at C:/PERSONAL SPCE/Shield-main/shield-frontend/src/tests/hooks/useAuth.test.jsx:50:44\n    at file:///C:/PERSONAL%20SPCE/Shield-main/shield-frontend/node_modules/@vitest/runner/dist/chunk-artifact.js:302:11\n    at file:///C:/PERSONAL%20SPCE/Shield-main/shield-frontend/node_modules/@vitest/runner/dist/chunk-artifact.js:1903:26\n    at file:///C:/PERSONAL%20SPCE/Shield-main/shield-frontend/node_modules/@vitest/runner/dist/chunk-artifact.js:2326:20\n    at new Promise (<anonymous>)\n    at runWithCancel (file:///C:/PERSONAL%20SPCE/Shield-main/shield-frontend/node_modules/@vitest/runner/dist/chunk-artifact.js:2323:10)\n    at file:///C:/PERSONAL%20SPCE/Shield-main/shield-frontend/node_modules/@vitest/runner/dist/chunk-artifact.js:2305:20\n    at new Promise (<anonymous>)\n    at runWithTimeout (file:///C:/PERSONAL%20SPCE/Shield-main/shield-frontend/node_modules/@vitest/runner/dist/chunk-artifact.js:2272:10)\n    at file:///C:/PERSONAL%20SPCE/Shield-main/shield-frontend/node_modules/@vitest/runner/dist/chunk-artifact.js:2955:64"],"meta":{},"tags":[]},{"ancestorTitles":["useAuth"],"fullName":"useAuth login stores token and user, sets isAuthenticated=true","status":"failed","title":"login stores token and user, sets isAuthenticated=true","duration":48.04290000000037,"failureMessages":["AssertionError: expected null to be 'mock.eyJ1c2VySWQiOiJ1c3JfMDAxIiwicm9s…' // Object.is equality\n    at C:/PERSONAL SPCE/Shield-main/shield-frontend/src/tests/hooks/useAuth.test.jsx:66:50\n    at file:///C:/PERSONAL%20SPCE/Shield-main/shield-frontend/node_modules/@vitest/runner/dist/chunk-artifact.js:1903:20"],"meta":{},"tags":[]},{"ancestorTitles":["useAuth"],"fullName":"useAuth logout clears token, user, and isAuthenticated","status":"failed","title":"logout clears token, user, and isAuthenticated","duration":57.647799999998824,"failureMessages":["AssertionError: expected 'mock.eyJ1c2VySWQiOiJ1c3JfMDAxIiwicm9s…' to be null\n    at C:/PERSONAL SPCE/Shield-main/shield-frontend/src/tests/hooks/useAuth.test.jsx:81:50\n    at file:///C:/PERSONAL%20SPCE/Shield-main/shield-frontend/node_modules/@vitest/runner/dist/chunk-artifact.js:1903:20"],"meta":{},"tags":[]},{"ancestorTitles":["useAuth"],"fullName":"useAuth hasRole returns true for matching role","status":"failed","title":"hasRole returns true for matching role","duration":30.342499999998836,"failureMessages":["AssertionError: expected false to be true // Object.is equality\n    at C:/PERSONAL SPCE/Shield-main/shield-frontend/src/tests/hooks/useAuth.test.jsx:88:47\n    at file:///C:/PERSONAL%20SPCE/Shield-main/shield-frontend/node_modules/@vitest/runner/dist/chunk-artifact.js:302:11\n    at file:///C:/PERSONAL%20SPCE/Shield-main/shield-frontend/node_modules/@vitest/runner/dist/chunk-artifact.js:1903:26\n    at file:///C:/PERSONAL%20SPCE/Shield-main/shield-frontend/node_modules/@vitest/runner/dist/chunk-artifact.js:2326:20\n    at new Promise (<anonymous>)\n    at runWithCancel (file:///C:/PERSONAL%20SPCE/Shield-main/shield-frontend/node_modules/@vitest/runner/dist/chunk-artifact.js:2323:10)\n    at file:///C:/PERSONAL%20SPCE/Shield-main/shield-frontend/node_modules/@vitest/runner/dist/chunk-artifact.js:2305:20\n    at new Promise (<anonymous>)\n    at runWithTimeout (file:///C:/PERSONAL%20SPCE/Shield-main/shield-frontend/node_modules/@vitest/runner/dist/chunk-artifact.js:2272:10)\n    at file:///C:/PERSONAL%20SPCE/Shield-main/shield-frontend/node_modules/@vitest/runner/dist/chunk-artifact.js:2955:64"],"meta":{},"tags":[]},{"ancestorTitles":["useAuth"],"fullName":"useAuth clears expired token on mount","status":"failed","title":"clears expired token on mount","duration":15.400699999998324,"failureMessages":["AssertionError: expected 'mock.eyJ1c2VySWQiOiJ1c3JfMDAxIiwicm9s…' to be null\n    at C:/PERSONAL SPCE/Shield-main/shield-frontend/src/tests/hooks/useAuth.test.jsx:97:50\n    at file:///C:/PERSONAL%20SPCE/Shield-main/shield-frontend/node_modules/@vitest/runner/dist/chunk-artifact.js:302:11\n    at file:///C:/PERSONAL%20SPCE/Shield-main/shield-frontend/node_modules/@vitest/runner/dist/chunk-artifact.js:1903:26\n    at file:///C:/PERSONAL%20SPCE/Shield-main/shield-frontend/node_modules/@vitest/runner/dist/chunk-artifact.js:2326:20\n    at new Promise (<anonymous>)\n    at runWithCancel (file:///C:/PERSONAL%20SPCE/Shield-main/shield-frontend/node_modules/@vitest/runner/dist/chunk-artifact.js:2323:10)\n    at file:///C:/PERSONAL%20SPCE/Shield-main/shield-frontend/node_modules/@vitest/runner/dist/chunk-artifact.js:2305:20\n    at new Promise (<anonymous>)\n    at runWithTimeout (file:///C:/PERSONAL%20SPCE/Shield-main/shield-frontend/node_modules/@vitest/runner/dist/chunk-artifact.js:2272:10)\n    at file:///C:/PERSONAL%20SPCE/Shield-main/shield-frontend/node_modules/@vitest/runner/dist/chunk-artifact.js:2955:64"],"meta":{},"tags":[]},{"ancestorTitles":["useAuth"],"fullName":"useAuth throws when used outside AuthProvider","status":"passed","title":"throws when used outside AuthProvider","duration":105.65999999999985,"failureMessages":[],"meta":{},"tags":[]}],"startTime":1780409365417,"endTime":1780409366119.66,"status":"failed","message":"","name":"C:/PERSONAL SPCE/Shield-main/shield-frontend/src/tests/hooks/useAuth.test.jsx"},{"assertionResults":[{"ancestorTitles":["useTheme"],"fullName":"useTheme defaults to light mode when no localStorage and no system preference","status":"passed","title":"defaults to light mode when no localStorage and no system preference","duration":23.530199999999695,"failureMessages":[],"meta":{},"tags":[]},{"ancestorTitles":["useTheme"],"fullName":"useTheme toggles from light to dark","status":"passed","title":"toggles from light to dark","duration":8.577800000000025,"failureMessages":[],"meta":{},"tags":[]},{"ancestorTitles":["useTheme"],"fullName":"useTheme toggles back from dark to light","status":"passed","title":"toggles back from dark to light","duration":4.51260000000002,"failureMessages":[],"meta":{},"tags":[]},{"ancestorTitles":["useTheme"],"fullName":"useTheme persists theme to localStorage","status":"passed","title":"persists theme to localStorage","duration":3.70029999999997,"failureMessages":[],"meta":{},"tags":[]},{"ancestorTitles":["useTheme"],"fullName":"useTheme restores theme from localStorage","status":"passed","title":"restores theme from localStorage","duration":3.1671000000001186,"failureMessages":[],"meta":{},"tags":[]},{"ancestorTitles":["useTheme"],"fullName":"useTheme throws when used outside ThemeProvider","status":"passed","title":"throws when used outside ThemeProvider","duration":17.617699999999786,"failureMessages":[],"meta":{},"tags":[]}],"startTime":1780409367368,"endTime":1780409367428.6177,"status":"passed","message":"","name":"C:/PERSONAL SPCE/Shield-main/shield-frontend/src/tests/hooks/useTheme.test.jsx"}]}